{"C:\\Users\\Olayinka\\ADC\\banka\\api\\dist\\index.js":{"path":"C:\\Users\\Olayinka\\ADC\\banka\\api\\dist\\index.js","statementMap":{"0":{"start":{"line":3,"column":0},"end":{"line":5,"column":3}},"1":{"start":{"line":6,"column":0},"end":{"line":6,"column":21}},"2":{"start":{"line":8,"column":15},"end":{"line":8,"column":57}},"3":{"start":{"line":10,"column":12},"end":{"line":10,"column":66}},"4":{"start":{"line":12,"column":15},"end":{"line":12,"column":72}},"5":{"start":{"line":14,"column":20},"end":{"line":14,"column":82}},"6":{"start":{"line":16,"column":18},"end":{"line":16,"column":64}},"7":{"start":{"line":19,"column":2},"end":{"line":21,"column":4}},"8":{"start":{"line":24,"column":10},"end":{"line":24,"column":36}},"9":{"start":{"line":25,"column":0},"end":{"line":25,"column":18}},"10":{"start":{"line":26,"column":0},"end":{"line":26,"column":39}},"11":{"start":{"line":27,"column":0},"end":{"line":27,"column":42}},"12":{"start":{"line":28,"column":0},"end":{"line":28,"column":41}},"13":{"start":{"line":29,"column":0},"end":{"line":29,"column":58}},"14":{"start":{"line":30,"column":0},"end":{"line":32,"column":3}},"15":{"start":{"line":31,"column":2},"end":{"line":31,"column":22}},"16":{"start":{"line":33,"column":11},"end":{"line":33,"column":15}},"17":{"start":{"line":34,"column":13},"end":{"line":36,"column":2}},"18":{"start":{"line":35,"column":2},"end":{"line":35,"column":54}}},"fnMap":{"0":{"name":"_interopRequireDefault","decl":{"start":{"line":18,"column":9},"end":{"line":18,"column":31}},"loc":{"start":{"line":18,"column":37},"end":{"line":22,"column":1}},"line":18},"1":{"name":"(anonymous_1)","decl":{"start":{"line":30,"column":13},"end":{"line":30,"column":14}},"loc":{"start":{"line":30,"column":33},"end":{"line":32,"column":1}},"line":30},"2":{"name":"(anonymous_2)","decl":{"start":{"line":34,"column":50},"end":{"line":34,"column":51}},"loc":{"start":{"line":34,"column":62},"end":{"line":36,"column":1}},"line":34}},"branchMap":{"0":{"loc":{"start":{"line":19,"column":9},"end":{"line":21,"column":3}},"type":"cond-expr","locations":[{"start":{"line":19,"column":33},"end":{"line":19,"column":36}},{"start":{"line":19,"column":39},"end":{"line":21,"column":3}}],"line":19},"1":{"loc":{"start":{"line":19,"column":9},"end":{"line":19,"column":30}},"type":"binary-expr","locations":[{"start":{"line":19,"column":9},"end":{"line":19,"column":12}},{"start":{"line":19,"column":16},"end":{"line":19,"column":30}}],"line":19},"2":{"loc":{"start":{"line":34,"column":24},"end":{"line":34,"column":48}},"type":"binary-expr","locations":[{"start":{"line":34,"column":24},"end":{"line":34,"column":40}},{"start":{"line":34,"column":44},"end":{"line":34,"column":48}}],"line":34}},"s":{"0":1,"1":1,"2":1,"3":1,"4":1,"5":1,"6":1,"7":5,"8":1,"9":1,"10":1,"11":1,"12":1,"13":1,"14":1,"15":0,"16":1,"17":1,"18":1},"f":{"0":5,"1":0,"2":1},"b":{"0":[3,2],"1":[5,5],"2":[1,1]},"_coverageSchema":"43e27e138ebf9cfc5966b082cf9a028302ed4184","hash":"ac08a4ff7b33fba9fcc782816d77978d805583a9","contentHash":"ecc56e2fc8b21043b6a6c71ba7ae1e6925bbfecde9f1f9f9110f25f6c6645063"},"C:\\Users\\Olayinka\\ADC\\banka\\api\\dist\\routes\\user.route.js":{"path":"C:\\Users\\Olayinka\\ADC\\banka\\api\\dist\\routes\\user.route.js","statementMap":{"0":{"start":{"line":3,"column":0},"end":{"line":5,"column":3}},"1":{"start":{"line":6,"column":0},"end":{"line":6,"column":28}},"2":{"start":{"line":8,"column":15},"end":{"line":8,"column":57}},"3":{"start":{"line":10,"column":13},"end":{"line":10,"column":79}},"4":{"start":{"line":13,"column":2},"end":{"line":15,"column":4}},"5":{"start":{"line":18,"column":21},"end":{"line":18,"column":44}},"6":{"start":{"line":20,"column":13},"end":{"line":20,"column":41}},"7":{"start":{"line":22,"column":0},"end":{"line":22,"column":50}},"8":{"start":{"line":23,"column":0},"end":{"line":23,"column":49}},"9":{"start":{"line":24,"column":15},"end":{"line":24,"column":21}},"10":{"start":{"line":25,"column":0},"end":{"line":25,"column":30}}},"fnMap":{"0":{"name":"_interopRequireDefault","decl":{"start":{"line":12,"column":9},"end":{"line":12,"column":31}},"loc":{"start":{"line":12,"column":37},"end":{"line":16,"column":1}},"line":12}},"branchMap":{"0":{"loc":{"start":{"line":13,"column":9},"end":{"line":15,"column":3}},"type":"cond-expr","locations":[{"start":{"line":13,"column":33},"end":{"line":13,"column":36}},{"start":{"line":13,"column":39},"end":{"line":15,"column":3}}],"line":13},"1":{"loc":{"start":{"line":13,"column":9},"end":{"line":13,"column":30}},"type":"binary-expr","locations":[{"start":{"line":13,"column":9},"end":{"line":13,"column":12}},{"start":{"line":13,"column":16},"end":{"line":13,"column":30}}],"line":13}},"s":{"0":1,"1":1,"2":1,"3":1,"4":2,"5":1,"6":1,"7":1,"8":1,"9":1,"10":1},"f":{"0":2},"b":{"0":[1,1],"1":[2,2]},"_coverageSchema":"43e27e138ebf9cfc5966b082cf9a028302ed4184","hash":"d2625214412585e65e33151043eec9ae7b8d6c1e","contentHash":"13e73464d88a5deaa28424fc1597b4fef9aed7c39e0877c6237c9183862ac84e"},"C:\\Users\\Olayinka\\ADC\\banka\\api\\dist\\controllers\\users.controller.js":{"path":"C:\\Users\\Olayinka\\ADC\\banka\\api\\dist\\controllers\\users.controller.js","statementMap":{"0":{"start":{"line":3,"column":0},"end":{"line":5,"column":3}},"1":{"start":{"line":6,"column":0},"end":{"line":6,"column":28}},"2":{"start":{"line":8,"column":12},"end":{"line":8,"column":71}},"3":{"start":{"line":11,"column":2},"end":{"line":13,"column":4}},"4":{"start":{"line":17,"column":2},"end":{"line":19,"column":3}},"5":{"start":{"line":18,"column":4},"end":{"line":18,"column":61}},"6":{"start":{"line":23,"column":2},"end":{"line":29,"column":3}},"7":{"start":{"line":23,"column":15},"end":{"line":23,"column":16}},"8":{"start":{"line":24,"column":21},"end":{"line":24,"column":29}},"9":{"start":{"line":25,"column":4},"end":{"line":25,"column":59}},"10":{"start":{"line":26,"column":4},"end":{"line":26,"column":35}},"11":{"start":{"line":27,"column":4},"end":{"line":27,"column":58}},"12":{"start":{"line":27,"column":31},"end":{"line":27,"column":58}},"13":{"start":{"line":28,"column":4},"end":{"line":28,"column":62}},"14":{"start":{"line":33,"column":2},"end":{"line":33,"column":71}},"15":{"start":{"line":33,"column":18},"end":{"line":33,"column":71}},"16":{"start":{"line":34,"column":2},"end":{"line":34,"column":63}},"17":{"start":{"line":34,"column":19},"end":{"line":34,"column":63}},"18":{"start":{"line":35,"column":2},"end":{"line":35,"column":21}},"19":{"start":{"line":40,"column":0},"end":{"line":86,"column":3}},"20":{"start":{"line":42,"column":4},"end":{"line":42,"column":43}},"21":{"start":{"line":45,"column":2},"end":{"line":83,"column":6}},"22":{"start":{"line":48,"column":22},"end":{"line":48,"column":30}},"23":{"start":{"line":49,"column":17},"end":{"line":49,"column":39}},"24":{"start":{"line":50,"column":21},"end":{"line":50,"column":44}},"25":{"start":{"line":52,"column":6},"end":{"line":57,"column":7}},"26":{"start":{"line":53,"column":8},"end":{"line":56,"column":11}},"27":{"start":{"line":59,"column":6},"end":{"line":62,"column":9}},"28":{"start":{"line":67,"column":22},"end":{"line":67,"column":30}},"29":{"start":{"line":68,"column":17},"end":{"line":68,"column":39}},"30":{"start":{"line":69,"column":26},"end":{"line":69,"column":51}},"31":{"start":{"line":71,"column":6},"end":{"line":76,"column":7}},"32":{"start":{"line":72,"column":8},"end":{"line":75,"column":11}},"33":{"start":{"line":78,"column":6},"end":{"line":81,"column":9}},"34":{"start":{"line":85,"column":2},"end":{"line":85,"column":25}},"35":{"start":{"line":88,"column":0},"end":{"line":88,"column":37}}},"fnMap":{"0":{"name":"_interopRequireDefault","decl":{"start":{"line":10,"column":9},"end":{"line":10,"column":31}},"loc":{"start":{"line":10,"column":37},"end":{"line":14,"column":1}},"line":10},"1":{"name":"_classCallCheck","decl":{"start":{"line":16,"column":9},"end":{"line":16,"column":24}},"loc":{"start":{"line":16,"column":48},"end":{"line":20,"column":1}},"line":16},"2":{"name":"_defineProperties","decl":{"start":{"line":22,"column":9},"end":{"line":22,"column":26}},"loc":{"start":{"line":22,"column":42},"end":{"line":30,"column":1}},"line":22},"3":{"name":"_createClass","decl":{"start":{"line":32,"column":9},"end":{"line":32,"column":21}},"loc":{"start":{"line":32,"column":60},"end":{"line":36,"column":1}},"line":32},"4":{"name":"(anonymous_4)","decl":{"start":{"line":40,"column":0},"end":{"line":40,"column":1}},"loc":{"start":{"line":40,"column":12},"end":{"line":86,"column":1}},"line":40},"5":{"name":"UsersController","decl":{"start":{"line":41,"column":11},"end":{"line":41,"column":26}},"loc":{"start":{"line":41,"column":29},"end":{"line":43,"column":3}},"line":41},"6":{"name":"signupUser","decl":{"start":{"line":47,"column":20},"end":{"line":47,"column":30}},"loc":{"start":{"line":47,"column":41},"end":{"line":63,"column":5}},"line":47},"7":{"name":"loginUser","decl":{"start":{"line":66,"column":20},"end":{"line":66,"column":29}},"loc":{"start":{"line":66,"column":40},"end":{"line":82,"column":5}},"line":66}},"branchMap":{"0":{"loc":{"start":{"line":11,"column":9},"end":{"line":13,"column":3}},"type":"cond-expr","locations":[{"start":{"line":11,"column":33},"end":{"line":11,"column":36}},{"start":{"line":11,"column":39},"end":{"line":13,"column":3}}],"line":11},"1":{"loc":{"start":{"line":11,"column":9},"end":{"line":11,"column":30}},"type":"binary-expr","locations":[{"start":{"line":11,"column":9},"end":{"line":11,"column":12}},{"start":{"line":11,"column":16},"end":{"line":11,"column":30}}],"line":11},"2":{"loc":{"start":{"line":17,"column":2},"end":{"line":19,"column":3}},"type":"if","locations":[{"start":{"line":17,"column":2},"end":{"line":19,"column":3}},{"start":{"line":17,"column":2},"end":{"line":19,"column":3}}],"line":17},"3":{"loc":{"start":{"line":25,"column":28},"end":{"line":25,"column":58}},"type":"binary-expr","locations":[{"start":{"line":25,"column":28},"end":{"line":25,"column":49}},{"start":{"line":25,"column":53},"end":{"line":25,"column":58}}],"line":25},"4":{"loc":{"start":{"line":27,"column":4},"end":{"line":27,"column":58}},"type":"if","locations":[{"start":{"line":27,"column":4},"end":{"line":27,"column":58}},{"start":{"line":27,"column":4},"end":{"line":27,"column":58}}],"line":27},"5":{"loc":{"start":{"line":33,"column":2},"end":{"line":33,"column":71}},"type":"if","locations":[{"start":{"line":33,"column":2},"end":{"line":33,"column":71}},{"start":{"line":33,"column":2},"end":{"line":33,"column":71}}],"line":33},"6":{"loc":{"start":{"line":34,"column":2},"end":{"line":34,"column":63}},"type":"if","locations":[{"start":{"line":34,"column":2},"end":{"line":34,"column":63}},{"start":{"line":34,"column":2},"end":{"line":34,"column":63}}],"line":34},"7":{"loc":{"start":{"line":52,"column":6},"end":{"line":57,"column":7}},"type":"if","locations":[{"start":{"line":52,"column":6},"end":{"line":57,"column":7}},{"start":{"line":52,"column":6},"end":{"line":57,"column":7}}],"line":52},"8":{"loc":{"start":{"line":71,"column":6},"end":{"line":76,"column":7}},"type":"if","locations":[{"start":{"line":71,"column":6},"end":{"line":76,"column":7}},{"start":{"line":71,"column":6},"end":{"line":76,"column":7}}],"line":71}},"s":{"0":1,"1":1,"2":1,"3":1,"4":1,"5":0,"6":1,"7":1,"8":2,"9":2,"10":2,"11":2,"12":2,"13":2,"14":1,"15":1,"16":1,"17":0,"18":1,"19":1,"20":1,"21":1,"22":1,"23":1,"24":1,"25":1,"26":1,"27":0,"28":1,"29":1,"30":1,"31":1,"32":1,"33":0,"34":1,"35":1},"f":{"0":1,"1":1,"2":1,"3":1,"4":1,"5":1,"6":1,"7":1},"b":{"0":[1,0],"1":[1,1],"2":[0,1],"3":[2,2],"4":[2,0],"5":[1,0],"6":[0,1],"7":[1,0],"8":[1,0]},"_coverageSchema":"43e27e138ebf9cfc5966b082cf9a028302ed4184","hash":"6912d7550388b1636992c77ade6edf7f78619c26","contentHash":"7152002dee23f7fbc6e74a1ce6b151be3165708c5d7d47d9528f68265dc94326"},"C:\\Users\\Olayinka\\ADC\\banka\\api\\dist\\services\\user.service.js":{"path":"C:\\Users\\Olayinka\\ADC\\banka\\api\\dist\\services\\user.service.js","statementMap":{"0":{"start":{"line":3,"column":0},"end":{"line":5,"column":3}},"1":{"start":{"line":6,"column":0},"end":{"line":6,"column":28}},"2":{"start":{"line":8,"column":13},"end":{"line":8,"column":38}},"3":{"start":{"line":10,"column":15},"end":{"line":10,"column":44}},"4":{"start":{"line":13,"column":2},"end":{"line":26,"column":3}},"5":{"start":{"line":13,"column":15},"end":{"line":13,"column":16}},"6":{"start":{"line":14,"column":17},"end":{"line":14,"column":57}},"7":{"start":{"line":15,"column":18},"end":{"line":15,"column":37}},"8":{"start":{"line":17,"column":4},"end":{"line":21,"column":5}},"9":{"start":{"line":18,"column":6},"end":{"line":20,"column":10}},"10":{"start":{"line":19,"column":8},"end":{"line":19,"column":71}},"11":{"start":{"line":23,"column":4},"end":{"line":25,"column":7}},"12":{"start":{"line":24,"column":6},"end":{"line":24,"column":48}},"13":{"start":{"line":28,"column":2},"end":{"line":28,"column":16}},"14":{"start":{"line":32,"column":2},"end":{"line":41,"column":3}},"15":{"start":{"line":33,"column":4},"end":{"line":38,"column":7}},"16":{"start":{"line":40,"column":4},"end":{"line":40,"column":21}},"17":{"start":{"line":43,"column":2},"end":{"line":43,"column":13}},"18":{"start":{"line":47,"column":2},"end":{"line":49,"column":3}},"19":{"start":{"line":48,"column":4},"end":{"line":48,"column":61}},"20":{"start":{"line":53,"column":2},"end":{"line":59,"column":3}},"21":{"start":{"line":53,"column":15},"end":{"line":53,"column":16}},"22":{"start":{"line":54,"column":21},"end":{"line":54,"column":29}},"23":{"start":{"line":55,"column":4},"end":{"line":55,"column":59}},"24":{"start":{"line":56,"column":4},"end":{"line":56,"column":35}},"25":{"start":{"line":57,"column":4},"end":{"line":57,"column":58}},"26":{"start":{"line":57,"column":31},"end":{"line":57,"column":58}},"27":{"start":{"line":58,"column":4},"end":{"line":58,"column":62}},"28":{"start":{"line":63,"column":2},"end":{"line":63,"column":71}},"29":{"start":{"line":63,"column":18},"end":{"line":63,"column":71}},"30":{"start":{"line":64,"column":2},"end":{"line":64,"column":63}},"31":{"start":{"line":64,"column":19},"end":{"line":64,"column":63}},"32":{"start":{"line":65,"column":2},"end":{"line":65,"column":21}},"33":{"start":{"line":75,"column":0},"end":{"line":200,"column":3}},"34":{"start":{"line":81,"column":4},"end":{"line":81,"column":39}},"35":{"start":{"line":83,"column":4},"end":{"line":83,"column":30}},"36":{"start":{"line":92,"column":2},"end":{"line":197,"column":6}},"37":{"start":{"line":95,"column":6},"end":{"line":95,"column":24}},"38":{"start":{"line":107,"column":21},"end":{"line":107,"column":39}},"39":{"start":{"line":108,"column":18},"end":{"line":108,"column":55}},"40":{"start":{"line":109,"column":25},"end":{"line":109,"column":76}},"41":{"start":{"line":110,"column":18},"end":{"line":110,"column":47}},"42":{"start":{"line":112,"column":6},"end":{"line":128,"column":7}},"43":{"start":{"line":113,"column":8},"end":{"line":117,"column":10}},"44":{"start":{"line":119,"column":8},"end":{"line":127,"column":10}},"45":{"start":{"line":139,"column":21},"end":{"line":139,"column":39}},"46":{"start":{"line":140,"column":25},"end":{"line":140,"column":76}},"47":{"start":{"line":142,"column":6},"end":{"line":167,"column":7}},"48":{"start":{"line":143,"column":8},"end":{"line":147,"column":10}},"49":{"start":{"line":149,"column":24},"end":{"line":151,"column":10}},"50":{"start":{"line":150,"column":10},"end":{"line":150,"column":84}},"51":{"start":{"line":153,"column":8},"end":{"line":166,"column":9}},"52":{"start":{"line":154,"column":10},"end":{"line":159,"column":12}},"53":{"start":{"line":161,"column":10},"end":{"line":165,"column":12}},"54":{"start":{"line":178,"column":21},"end":{"line":180,"column":8}},"55":{"start":{"line":179,"column":8},"end":{"line":179,"column":34}},"56":{"start":{"line":182,"column":6},"end":{"line":195,"column":7}},"57":{"start":{"line":183,"column":8},"end":{"line":187,"column":10}},"58":{"start":{"line":189,"column":8},"end":{"line":194,"column":10}},"59":{"start":{"line":199,"column":2},"end":{"line":199,"column":21}},"60":{"start":{"line":202,"column":0},"end":{"line":202,"column":33}}},"fnMap":{"0":{"name":"_objectSpread","decl":{"start":{"line":12,"column":9},"end":{"line":12,"column":22}},"loc":{"start":{"line":12,"column":31},"end":{"line":29,"column":1}},"line":12},"1":{"name":"(anonymous_1)","decl":{"start":{"line":18,"column":75},"end":{"line":18,"column":76}},"loc":{"start":{"line":18,"column":90},"end":{"line":20,"column":7}},"line":18},"2":{"name":"(anonymous_2)","decl":{"start":{"line":23,"column":20},"end":{"line":23,"column":21}},"loc":{"start":{"line":23,"column":35},"end":{"line":25,"column":5}},"line":23},"3":{"name":"_defineProperty","decl":{"start":{"line":31,"column":9},"end":{"line":31,"column":24}},"loc":{"start":{"line":31,"column":42},"end":{"line":44,"column":1}},"line":31},"4":{"name":"_classCallCheck","decl":{"start":{"line":46,"column":9},"end":{"line":46,"column":24}},"loc":{"start":{"line":46,"column":48},"end":{"line":50,"column":1}},"line":46},"5":{"name":"_defineProperties","decl":{"start":{"line":52,"column":9},"end":{"line":52,"column":26}},"loc":{"start":{"line":52,"column":42},"end":{"line":60,"column":1}},"line":52},"6":{"name":"_createClass","decl":{"start":{"line":62,"column":9},"end":{"line":62,"column":21}},"loc":{"start":{"line":62,"column":60},"end":{"line":66,"column":1}},"line":62},"7":{"name":"(anonymous_7)","decl":{"start":{"line":75,"column":0},"end":{"line":75,"column":1}},"loc":{"start":{"line":75,"column":12},"end":{"line":200,"column":1}},"line":75},"8":{"name":"UserService","decl":{"start":{"line":80,"column":11},"end":{"line":80,"column":22}},"loc":{"start":{"line":80,"column":25},"end":{"line":84,"column":3}},"line":80},"9":{"name":"getAllUsers","decl":{"start":{"line":94,"column":20},"end":{"line":94,"column":31}},"loc":{"start":{"line":94,"column":34},"end":{"line":96,"column":5}},"line":94},"10":{"name":"addUser","decl":{"start":{"line":105,"column":20},"end":{"line":105,"column":27}},"loc":{"start":{"line":105,"column":34},"end":{"line":129,"column":5}},"line":105},"11":{"name":"loginUser","decl":{"start":{"line":138,"column":20},"end":{"line":138,"column":29}},"loc":{"start":{"line":138,"column":36},"end":{"line":168,"column":5}},"line":138},"12":{"name":"(anonymous_12)","decl":{"start":{"line":149,"column":40},"end":{"line":149,"column":41}},"loc":{"start":{"line":149,"column":59},"end":{"line":151,"column":9}},"line":149},"13":{"name":"getUserInfo","decl":{"start":{"line":177,"column":20},"end":{"line":177,"column":31}},"loc":{"start":{"line":177,"column":40},"end":{"line":196,"column":5}},"line":177},"14":{"name":"(anonymous_14)","decl":{"start":{"line":178,"column":47},"end":{"line":178,"column":48}},"loc":{"start":{"line":178,"column":63},"end":{"line":180,"column":7}},"line":178}},"branchMap":{"0":{"loc":{"start":{"line":14,"column":17},"end":{"line":14,"column":57}},"type":"cond-expr","locations":[{"start":{"line":14,"column":40},"end":{"line":14,"column":52}},{"start":{"line":14,"column":55},"end":{"line":14,"column":57}}],"line":14},"1":{"loc":{"start":{"line":17,"column":4},"end":{"line":21,"column":5}},"type":"if","locations":[{"start":{"line":17,"column":4},"end":{"line":21,"column":5}},{"start":{"line":17,"column":4},"end":{"line":21,"column":5}}],"line":17},"2":{"loc":{"start":{"line":32,"column":2},"end":{"line":41,"column":3}},"type":"if","locations":[{"start":{"line":32,"column":2},"end":{"line":41,"column":3}},{"start":{"line":32,"column":2},"end":{"line":41,"column":3}}],"line":32},"3":{"loc":{"start":{"line":47,"column":2},"end":{"line":49,"column":3}},"type":"if","locations":[{"start":{"line":47,"column":2},"end":{"line":49,"column":3}},{"start":{"line":47,"column":2},"end":{"line":49,"column":3}}],"line":47},"4":{"loc":{"start":{"line":55,"column":28},"end":{"line":55,"column":58}},"type":"binary-expr","locations":[{"start":{"line":55,"column":28},"end":{"line":55,"column":49}},{"start":{"line":55,"column":53},"end":{"line":55,"column":58}}],"line":55},"5":{"loc":{"start":{"line":57,"column":4},"end":{"line":57,"column":58}},"type":"if","locations":[{"start":{"line":57,"column":4},"end":{"line":57,"column":58}},{"start":{"line":57,"column":4},"end":{"line":57,"column":58}}],"line":57},"6":{"loc":{"start":{"line":63,"column":2},"end":{"line":63,"column":71}},"type":"if","locations":[{"start":{"line":63,"column":2},"end":{"line":63,"column":71}},{"start":{"line":63,"column":2},"end":{"line":63,"column":71}}],"line":63},"7":{"loc":{"start":{"line":64,"column":2},"end":{"line":64,"column":63}},"type":"if","locations":[{"start":{"line":64,"column":2},"end":{"line":64,"column":63}},{"start":{"line":64,"column":2},"end":{"line":64,"column":63}}],"line":64},"8":{"loc":{"start":{"line":112,"column":6},"end":{"line":128,"column":7}},"type":"if","locations":[{"start":{"line":112,"column":6},"end":{"line":128,"column":7}},{"start":{"line":112,"column":6},"end":{"line":128,"column":7}}],"line":112},"9":{"loc":{"start":{"line":142,"column":6},"end":{"line":167,"column":7}},"type":"if","locations":[{"start":{"line":142,"column":6},"end":{"line":167,"column":7}},{"start":{"line":142,"column":6},"end":{"line":167,"column":7}}],"line":142},"10":{"loc":{"start":{"line":150,"column":17},"end":{"line":150,"column":83}},"type":"binary-expr","locations":[{"start":{"line":150,"column":17},"end":{"line":150,"column":51}},{"start":{"line":150,"column":55},"end":{"line":150,"column":83}}],"line":150},"11":{"loc":{"start":{"line":153,"column":8},"end":{"line":166,"column":9}},"type":"if","locations":[{"start":{"line":153,"column":8},"end":{"line":166,"column":9}},{"start":{"line":153,"column":8},"end":{"line":166,"column":9}}],"line":153},"12":{"loc":{"start":{"line":182,"column":6},"end":{"line":195,"column":7}},"type":"if","locations":[{"start":{"line":182,"column":6},"end":{"line":195,"column":7}},{"start":{"line":182,"column":6},"end":{"line":195,"column":7}}],"line":182}},"s":{"0":1,"1":1,"2":1,"3":1,"4":3,"5":3,"6":3,"7":3,"8":3,"9":3,"10":0,"11":3,"12":29,"13":3,"14":29,"15":0,"16":29,"17":29,"18":8,"19":0,"20":1,"21":1,"22":4,"23":4,"24":4,"25":4,"26":4,"27":4,"28":1,"29":1,"30":1,"31":0,"32":1,"33":1,"34":8,"35":8,"36":1,"37":8,"38":1,"39":1,"40":1,"41":1,"42":1,"43":0,"44":1,"45":1,"46":1,"47":1,"48":0,"49":1,"50":4,"51":1,"52":1,"53":0,"54":1,"55":4,"56":1,"57":0,"58":1,"59":1,"60":1},"f":{"0":3,"1":0,"2":29,"3":29,"4":8,"5":1,"6":1,"7":1,"8":8,"9":8,"10":1,"11":1,"12":4,"13":1,"14":4},"b":{"0":[3,0],"1":[3,0],"2":[0,29],"3":[0,8],"4":[4,4],"5":[4,0],"6":[1,0],"7":[0,1],"8":[0,1],"9":[0,1],"10":[4,1],"11":[1,0],"12":[0,1]},"_coverageSchema":"43e27e138ebf9cfc5966b082cf9a028302ed4184","hash":"d2e2f5e25beb824759e00c3096a67d293a8b493f","contentHash":"e3a28eb25dda3527e19bdf39f4bc2193a060a848a22c74bb8fa4f492181e0bda"},"C:\\Users\\Olayinka\\ADC\\banka\\api\\dist\\.data\\users.js":{"path":"C:\\Users\\Olayinka\\ADC\\banka\\api\\dist\\.data\\users.js","statementMap":{"0":{"start":{"line":3,"column":0},"end":{"line":5,"column":3}},"1":{"start":{"line":6,"column":0},"end":{"line":6,"column":23}},"2":{"start":{"line":7,"column":12},"end":{"line":51,"column":2}},"3":{"start":{"line":52,"column":0},"end":{"line":52,"column":22}}},"fnMap":{},"branchMap":{},"s":{"0":1,"1":1,"2":1,"3":1},"f":{},"b":{},"_coverageSchema":"43e27e138ebf9cfc5966b082cf9a028302ed4184","hash":"dccbfdecfb0ab6d8e95c465df6b87eb47ee7ee94","contentHash":"a90a4a1a07dcc7570a071d3c18e0012c5b9da88fd8f565881b4a8081612afa5e"},"C:\\Users\\Olayinka\\ADC\\banka\\api\\dist\\Helpers\\helpers.js":{"path":"C:\\Users\\Olayinka\\ADC\\banka\\api\\dist\\Helpers\\helpers.js","statementMap":{"0":{"start":{"line":3,"column":0},"end":{"line":5,"column":3}},"1":{"start":{"line":6,"column":0},"end":{"line":6,"column":74}},"2":{"start":{"line":9,"column":2},"end":{"line":9,"column":82}},"3":{"start":{"line":13,"column":2},"end":{"line":13,"column":73}},"4":{"start":{"line":17,"column":2},"end":{"line":17,"column":128}},"5":{"start":{"line":17,"column":104},"end":{"line":17,"column":128}},"6":{"start":{"line":21,"column":2},"end":{"line":27,"column":3}},"7":{"start":{"line":22,"column":4},"end":{"line":24,"column":5}},"8":{"start":{"line":22,"column":17},"end":{"line":22,"column":18}},"9":{"start":{"line":22,"column":27},"end":{"line":22,"column":48}},"10":{"start":{"line":23,"column":6},"end":{"line":23,"column":23}},"11":{"start":{"line":26,"column":4},"end":{"line":26,"column":16}},"12":{"start":{"line":38,"column":19},"end":{"line":43,"column":1}},"13":{"start":{"line":39,"column":14},"end":{"line":41,"column":4}},"14":{"start":{"line":40,"column":4},"end":{"line":40,"column":39}},"15":{"start":{"line":42,"column":2},"end":{"line":42,"column":37}},"16":{"start":{"line":51,"column":0},"end":{"line":51,"column":36}},"17":{"start":{"line":53,"column":16},"end":{"line":58,"column":1}},"18":{"start":{"line":54,"column":12},"end":{"line":56,"column":4}},"19":{"start":{"line":55,"column":4},"end":{"line":55,"column":19}},"20":{"start":{"line":57,"column":2},"end":{"line":57,"column":55}},"21":{"start":{"line":66,"column":0},"end":{"line":66,"column":30}},"22":{"start":{"line":68,"column":20},"end":{"line":71,"column":1}},"23":{"start":{"line":69,"column":14},"end":{"line":69,"column":35}},"24":{"start":{"line":70,"column":2},"end":{"line":70,"column":15}},"25":{"start":{"line":73,"column":0},"end":{"line":73,"column":38}}},"fnMap":{"0":{"name":"_toConsumableArray","decl":{"start":{"line":8,"column":9},"end":{"line":8,"column":27}},"loc":{"start":{"line":8,"column":33},"end":{"line":10,"column":1}},"line":8},"1":{"name":"_nonIterableSpread","decl":{"start":{"line":12,"column":9},"end":{"line":12,"column":27}},"loc":{"start":{"line":12,"column":30},"end":{"line":14,"column":1}},"line":12},"2":{"name":"_iterableToArray","decl":{"start":{"line":16,"column":9},"end":{"line":16,"column":25}},"loc":{"start":{"line":16,"column":32},"end":{"line":18,"column":1}},"line":16},"3":{"name":"_arrayWithoutHoles","decl":{"start":{"line":20,"column":9},"end":{"line":20,"column":27}},"loc":{"start":{"line":20,"column":33},"end":{"line":28,"column":1}},"line":20},"4":{"name":"recordExists","decl":{"start":{"line":38,"column":28},"end":{"line":38,"column":40}},"loc":{"start":{"line":38,"column":59},"end":{"line":43,"column":1}},"line":38},"5":{"name":"(anonymous_5)","decl":{"start":{"line":39,"column":27},"end":{"line":39,"column":28}},"loc":{"start":{"line":39,"column":47},"end":{"line":41,"column":3}},"line":39},"6":{"name":"getLastId","decl":{"start":{"line":53,"column":25},"end":{"line":53,"column":34}},"loc":{"start":{"line":53,"column":42},"end":{"line":58,"column":1}},"line":53},"7":{"name":"(anonymous_7)","decl":{"start":{"line":54,"column":22},"end":{"line":54,"column":23}},"loc":{"start":{"line":54,"column":38},"end":{"line":56,"column":3}},"line":54},"8":{"name":"generateToken","decl":{"start":{"line":68,"column":29},"end":{"line":68,"column":42}},"loc":{"start":{"line":68,"column":45},"end":{"line":71,"column":1}},"line":68}},"branchMap":{"0":{"loc":{"start":{"line":9,"column":9},"end":{"line":9,"column":81}},"type":"binary-expr","locations":[{"start":{"line":9,"column":9},"end":{"line":9,"column":32}},{"start":{"line":9,"column":36},"end":{"line":9,"column":57}},{"start":{"line":9,"column":61},"end":{"line":9,"column":81}}],"line":9},"1":{"loc":{"start":{"line":17,"column":2},"end":{"line":17,"column":128}},"type":"if","locations":[{"start":{"line":17,"column":2},"end":{"line":17,"column":128}},{"start":{"line":17,"column":2},"end":{"line":17,"column":128}}],"line":17},"2":{"loc":{"start":{"line":17,"column":6},"end":{"line":17,"column":102}},"type":"binary-expr","locations":[{"start":{"line":17,"column":6},"end":{"line":17,"column":37}},{"start":{"line":17,"column":41},"end":{"line":17,"column":102}}],"line":17},"3":{"loc":{"start":{"line":21,"column":2},"end":{"line":27,"column":3}},"type":"if","locations":[{"start":{"line":21,"column":2},"end":{"line":27,"column":3}},{"start":{"line":21,"column":2},"end":{"line":27,"column":3}}],"line":21},"4":{"loc":{"start":{"line":42,"column":9},"end":{"line":42,"column":36}},"type":"cond-expr","locations":[{"start":{"line":42,"column":24},"end":{"line":42,"column":28}},{"start":{"line":42,"column":31},"end":{"line":42,"column":36}}],"line":42}},"s":{"0":1,"1":1,"2":4,"3":0,"4":0,"5":0,"6":4,"7":4,"8":4,"9":4,"10":9,"11":4,"12":1,"13":3,"14":9,"15":3,"16":1,"17":1,"18":4,"19":9,"20":4,"21":1,"22":1,"23":1,"24":1,"25":1},"f":{"0":4,"1":0,"2":0,"3":4,"4":3,"5":9,"6":4,"7":9,"8":1},"b":{"0":[4,0,0],"1":[0,0],"2":[0,0],"3":[4,0],"4":[1,2]},"_coverageSchema":"43e27e138ebf9cfc5966b082cf9a028302ed4184","hash":"1cda104fc1922ef9b819ae714c49f0b0d8961fc6","contentHash":"613eecdb651537104c9c23bd0b373c875abb1a08f584a38223db7aa6738ed2d4"},"C:\\Users\\Olayinka\\ADC\\banka\\api\\dist\\routes\\account.route.js":{"path":"C:\\Users\\Olayinka\\ADC\\banka\\api\\dist\\routes\\account.route.js","statementMap":{"0":{"start":{"line":3,"column":0},"end":{"line":5,"column":3}},"1":{"start":{"line":6,"column":0},"end":{"line":6,"column":28}},"2":{"start":{"line":8,"column":15},"end":{"line":8,"column":57}},"3":{"start":{"line":10,"column":15},"end":{"line":10,"column":83}},"4":{"start":{"line":13,"column":2},"end":{"line":15,"column":4}},"5":{"start":{"line":18,"column":24},"end":{"line":18,"column":49}},"6":{"start":{"line":20,"column":13},"end":{"line":20,"column":41}},"7":{"start":{"line":22,"column":0},"end":{"line":22,"column":58}},"8":{"start":{"line":23,"column":0},"end":{"line":23,"column":79}},"9":{"start":{"line":24,"column":0},"end":{"line":24,"column":83}},"10":{"start":{"line":25,"column":15},"end":{"line":25,"column":21}},"11":{"start":{"line":26,"column":0},"end":{"line":26,"column":30}}},"fnMap":{"0":{"name":"_interopRequireDefault","decl":{"start":{"line":12,"column":9},"end":{"line":12,"column":31}},"loc":{"start":{"line":12,"column":37},"end":{"line":16,"column":1}},"line":12}},"branchMap":{"0":{"loc":{"start":{"line":13,"column":9},"end":{"line":15,"column":3}},"type":"cond-expr","locations":[{"start":{"line":13,"column":33},"end":{"line":13,"column":36}},{"start":{"line":13,"column":39},"end":{"line":15,"column":3}}],"line":13},"1":{"loc":{"start":{"line":13,"column":9},"end":{"line":13,"column":30}},"type":"binary-expr","locations":[{"start":{"line":13,"column":9},"end":{"line":13,"column":12}},{"start":{"line":13,"column":16},"end":{"line":13,"column":30}}],"line":13}},"s":{"0":1,"1":1,"2":1,"3":1,"4":2,"5":1,"6":1,"7":1,"8":1,"9":1,"10":1,"11":1},"f":{"0":2},"b":{"0":[1,1],"1":[2,2]},"_coverageSchema":"43e27e138ebf9cfc5966b082cf9a028302ed4184","hash":"25925968a3cb95addb516792ef513574470c8fe6","contentHash":"b47c7ef4746b8dd0d072a9b9118b4d62bcb0d4510d9ff2775d965a74f2ce83a5"},"C:\\Users\\Olayinka\\ADC\\banka\\api\\dist\\controllers\\account.controller.js":{"path":"C:\\Users\\Olayinka\\ADC\\banka\\api\\dist\\controllers\\account.controller.js","statementMap":{"0":{"start":{"line":3,"column":0},"end":{"line":5,"column":3}},"1":{"start":{"line":6,"column":0},"end":{"line":6,"column":28}},"2":{"start":{"line":8,"column":16},"end":{"line":8,"column":79}},"3":{"start":{"line":11,"column":2},"end":{"line":13,"column":4}},"4":{"start":{"line":17,"column":2},"end":{"line":19,"column":3}},"5":{"start":{"line":18,"column":4},"end":{"line":18,"column":61}},"6":{"start":{"line":23,"column":2},"end":{"line":29,"column":3}},"7":{"start":{"line":23,"column":15},"end":{"line":23,"column":16}},"8":{"start":{"line":24,"column":21},"end":{"line":24,"column":29}},"9":{"start":{"line":25,"column":4},"end":{"line":25,"column":59}},"10":{"start":{"line":26,"column":4},"end":{"line":26,"column":35}},"11":{"start":{"line":27,"column":4},"end":{"line":27,"column":58}},"12":{"start":{"line":27,"column":31},"end":{"line":27,"column":58}},"13":{"start":{"line":28,"column":4},"end":{"line":28,"column":62}},"14":{"start":{"line":33,"column":2},"end":{"line":33,"column":71}},"15":{"start":{"line":33,"column":18},"end":{"line":33,"column":71}},"16":{"start":{"line":34,"column":2},"end":{"line":34,"column":63}},"17":{"start":{"line":34,"column":19},"end":{"line":34,"column":63}},"18":{"start":{"line":35,"column":2},"end":{"line":35,"column":21}},"19":{"start":{"line":40,"column":0},"end":{"line":96,"column":3}},"20":{"start":{"line":42,"column":4},"end":{"line":42,"column":45}},"21":{"start":{"line":45,"column":2},"end":{"line":93,"column":6}},"22":{"start":{"line":48,"column":24},"end":{"line":48,"column":32}},"23":{"start":{"line":49,"column":20},"end":{"line":49,"column":46}},"24":{"start":{"line":50,"column":23},"end":{"line":50,"column":54}},"25":{"start":{"line":52,"column":6},"end":{"line":57,"column":7}},"26":{"start":{"line":53,"column":8},"end":{"line":56,"column":11}},"27":{"start":{"line":59,"column":6},"end":{"line":62,"column":9}},"28":{"start":{"line":67,"column":22},"end":{"line":67,"column":30}},"29":{"start":{"line":68,"column":19},"end":{"line":68,"column":35}},"30":{"start":{"line":69,"column":19},"end":{"line":69,"column":35}},"31":{"start":{"line":70,"column":26},"end":{"line":70,"column":50}},"32":{"start":{"line":71,"column":20},"end":{"line":71,"column":46}},"33":{"start":{"line":72,"column":27},"end":{"line":75,"column":16}},"34":{"start":{"line":77,"column":6},"end":{"line":86,"column":7}},"35":{"start":{"line":78,"column":23},"end":{"line":84,"column":9}},"36":{"start":{"line":85,"column":8},"end":{"line":85,"column":62}},"37":{"start":{"line":88,"column":6},"end":{"line":91,"column":9}},"38":{"start":{"line":95,"column":2},"end":{"line":95,"column":27}},"39":{"start":{"line":98,"column":0},"end":{"line":98,"column":39}}},"fnMap":{"0":{"name":"_interopRequireDefault","decl":{"start":{"line":10,"column":9},"end":{"line":10,"column":31}},"loc":{"start":{"line":10,"column":37},"end":{"line":14,"column":1}},"line":10},"1":{"name":"_classCallCheck","decl":{"start":{"line":16,"column":9},"end":{"line":16,"column":24}},"loc":{"start":{"line":16,"column":48},"end":{"line":20,"column":1}},"line":16},"2":{"name":"_defineProperties","decl":{"start":{"line":22,"column":9},"end":{"line":22,"column":26}},"loc":{"start":{"line":22,"column":42},"end":{"line":30,"column":1}},"line":22},"3":{"name":"_createClass","decl":{"start":{"line":32,"column":9},"end":{"line":32,"column":21}},"loc":{"start":{"line":32,"column":60},"end":{"line":36,"column":1}},"line":32},"4":{"name":"(anonymous_4)","decl":{"start":{"line":40,"column":0},"end":{"line":40,"column":1}},"loc":{"start":{"line":40,"column":12},"end":{"line":96,"column":1}},"line":40},"5":{"name":"AccountController","decl":{"start":{"line":41,"column":11},"end":{"line":41,"column":28}},"loc":{"start":{"line":41,"column":31},"end":{"line":43,"column":3}},"line":41},"6":{"name":"createAccount","decl":{"start":{"line":47,"column":20},"end":{"line":47,"column":33}},"loc":{"start":{"line":47,"column":44},"end":{"line":63,"column":5}},"line":47},"7":{"name":"updateAccountStatus","decl":{"start":{"line":66,"column":20},"end":{"line":66,"column":39}},"loc":{"start":{"line":66,"column":50},"end":{"line":92,"column":5}},"line":66}},"branchMap":{"0":{"loc":{"start":{"line":11,"column":9},"end":{"line":13,"column":3}},"type":"cond-expr","locations":[{"start":{"line":11,"column":33},"end":{"line":11,"column":36}},{"start":{"line":11,"column":39},"end":{"line":13,"column":3}}],"line":11},"1":{"loc":{"start":{"line":11,"column":9},"end":{"line":11,"column":30}},"type":"binary-expr","locations":[{"start":{"line":11,"column":9},"end":{"line":11,"column":12}},{"start":{"line":11,"column":16},"end":{"line":11,"column":30}}],"line":11},"2":{"loc":{"start":{"line":17,"column":2},"end":{"line":19,"column":3}},"type":"if","locations":[{"start":{"line":17,"column":2},"end":{"line":19,"column":3}},{"start":{"line":17,"column":2},"end":{"line":19,"column":3}}],"line":17},"3":{"loc":{"start":{"line":25,"column":28},"end":{"line":25,"column":58}},"type":"binary-expr","locations":[{"start":{"line":25,"column":28},"end":{"line":25,"column":49}},{"start":{"line":25,"column":53},"end":{"line":25,"column":58}}],"line":25},"4":{"loc":{"start":{"line":27,"column":4},"end":{"line":27,"column":58}},"type":"if","locations":[{"start":{"line":27,"column":4},"end":{"line":27,"column":58}},{"start":{"line":27,"column":4},"end":{"line":27,"column":58}}],"line":27},"5":{"loc":{"start":{"line":33,"column":2},"end":{"line":33,"column":71}},"type":"if","locations":[{"start":{"line":33,"column":2},"end":{"line":33,"column":71}},{"start":{"line":33,"column":2},"end":{"line":33,"column":71}}],"line":33},"6":{"loc":{"start":{"line":34,"column":2},"end":{"line":34,"column":63}},"type":"if","locations":[{"start":{"line":34,"column":2},"end":{"line":34,"column":63}},{"start":{"line":34,"column":2},"end":{"line":34,"column":63}}],"line":34},"7":{"loc":{"start":{"line":52,"column":6},"end":{"line":57,"column":7}},"type":"if","locations":[{"start":{"line":52,"column":6},"end":{"line":57,"column":7}},{"start":{"line":52,"column":6},"end":{"line":57,"column":7}}],"line":52},"8":{"loc":{"start":{"line":77,"column":6},"end":{"line":86,"column":7}},"type":"if","locations":[{"start":{"line":77,"column":6},"end":{"line":86,"column":7}},{"start":{"line":77,"column":6},"end":{"line":86,"column":7}}],"line":77},"9":{"loc":{"start":{"line":78,"column":23},"end":{"line":84,"column":9}},"type":"cond-expr","locations":[{"start":{"line":78,"column":55},"end":{"line":81,"column":9}},{"start":{"line":81,"column":12},"end":{"line":84,"column":9}}],"line":78}},"s":{"0":1,"1":1,"2":1,"3":1,"4":1,"5":0,"6":1,"7":1,"8":2,"9":2,"10":2,"11":2,"12":2,"13":2,"14":1,"15":1,"16":1,"17":0,"18":1,"19":1,"20":1,"21":1,"22":1,"23":1,"24":1,"25":1,"26":1,"27":0,"28":3,"29":3,"30":3,"31":3,"32":3,"33":3,"34":3,"35":3,"36":3,"37":0,"38":1,"39":1},"f":{"0":1,"1":1,"2":1,"3":1,"4":1,"5":1,"6":1,"7":3},"b":{"0":[1,0],"1":[1,1],"2":[0,1],"3":[2,2],"4":[2,0],"5":[1,0],"6":[0,1],"7":[1,0],"8":[3,0],"9":[1,2]},"_coverageSchema":"43e27e138ebf9cfc5966b082cf9a028302ed4184","hash":"fc76048a98d7f291ad7b399e3a9ab1badc2f1ee2","contentHash":"5eb9cd0b75fced751444f9b7e8bfd4c1954d77e0860415c88d453eb171500c85"},"C:\\Users\\Olayinka\\ADC\\banka\\api\\dist\\services\\accounts.service.js":{"path":"C:\\Users\\Olayinka\\ADC\\banka\\api\\dist\\services\\accounts.service.js","statementMap":{"0":{"start":{"line":3,"column":0},"end":{"line":5,"column":3}},"1":{"start":{"line":6,"column":0},"end":{"line":6,"column":28}},"2":{"start":{"line":8,"column":16},"end":{"line":8,"column":44}},"3":{"start":{"line":10,"column":15},"end":{"line":10,"column":44}},"4":{"start":{"line":12,"column":12},"end":{"line":12,"column":61}},"5":{"start":{"line":15,"column":2},"end":{"line":17,"column":4}},"6":{"start":{"line":21,"column":2},"end":{"line":34,"column":3}},"7":{"start":{"line":21,"column":15},"end":{"line":21,"column":16}},"8":{"start":{"line":22,"column":17},"end":{"line":22,"column":57}},"9":{"start":{"line":23,"column":18},"end":{"line":23,"column":37}},"10":{"start":{"line":25,"column":4},"end":{"line":29,"column":5}},"11":{"start":{"line":26,"column":6},"end":{"line":28,"column":10}},"12":{"start":{"line":27,"column":8},"end":{"line":27,"column":71}},"13":{"start":{"line":31,"column":4},"end":{"line":33,"column":7}},"14":{"start":{"line":32,"column":6},"end":{"line":32,"column":48}},"15":{"start":{"line":36,"column":2},"end":{"line":36,"column":16}},"16":{"start":{"line":40,"column":2},"end":{"line":49,"column":3}},"17":{"start":{"line":41,"column":4},"end":{"line":46,"column":7}},"18":{"start":{"line":48,"column":4},"end":{"line":48,"column":21}},"19":{"start":{"line":51,"column":2},"end":{"line":51,"column":13}},"20":{"start":{"line":55,"column":2},"end":{"line":55,"column":82}},"21":{"start":{"line":59,"column":2},"end":{"line":59,"column":73}},"22":{"start":{"line":63,"column":2},"end":{"line":63,"column":128}},"23":{"start":{"line":63,"column":104},"end":{"line":63,"column":128}},"24":{"start":{"line":67,"column":2},"end":{"line":73,"column":3}},"25":{"start":{"line":68,"column":4},"end":{"line":70,"column":5}},"26":{"start":{"line":68,"column":17},"end":{"line":68,"column":18}},"27":{"start":{"line":68,"column":27},"end":{"line":68,"column":48}},"28":{"start":{"line":69,"column":6},"end":{"line":69,"column":23}},"29":{"start":{"line":72,"column":4},"end":{"line":72,"column":16}},"30":{"start":{"line":77,"column":2},"end":{"line":79,"column":3}},"31":{"start":{"line":78,"column":4},"end":{"line":78,"column":61}},"32":{"start":{"line":83,"column":2},"end":{"line":89,"column":3}},"33":{"start":{"line":83,"column":15},"end":{"line":83,"column":16}},"34":{"start":{"line":84,"column":21},"end":{"line":84,"column":29}},"35":{"start":{"line":85,"column":4},"end":{"line":85,"column":59}},"36":{"start":{"line":86,"column":4},"end":{"line":86,"column":35}},"37":{"start":{"line":87,"column":4},"end":{"line":87,"column":58}},"38":{"start":{"line":87,"column":31},"end":{"line":87,"column":58}},"39":{"start":{"line":88,"column":4},"end":{"line":88,"column":62}},"40":{"start":{"line":93,"column":2},"end":{"line":93,"column":71}},"41":{"start":{"line":93,"column":18},"end":{"line":93,"column":71}},"42":{"start":{"line":94,"column":2},"end":{"line":94,"column":63}},"43":{"start":{"line":94,"column":19},"end":{"line":94,"column":63}},"44":{"start":{"line":95,"column":2},"end":{"line":95,"column":21}},"45":{"start":{"line":105,"column":0},"end":{"line":255,"column":3}},"46":{"start":{"line":111,"column":4},"end":{"line":111,"column":42}},"47":{"start":{"line":113,"column":4},"end":{"line":113,"column":39}},"48":{"start":{"line":122,"column":2},"end":{"line":252,"column":6}},"49":{"start":{"line":125,"column":6},"end":{"line":125,"column":27}},"50":{"start":{"line":136,"column":24},"end":{"line":136,"column":45}},"51":{"start":{"line":137,"column":18},"end":{"line":137,"column":58}},"52":{"start":{"line":138,"column":25},"end":{"line":140,"column":8}},"53":{"start":{"line":139,"column":8},"end":{"line":139,"column":51}},"54":{"start":{"line":141,"column":32},"end":{"line":141,"column":93}},"55":{"start":{"line":143,"column":6},"end":{"line":187,"column":7}},"56":{"start":{"line":144,"column":8},"end":{"line":148,"column":10}},"57":{"start":{"line":150,"column":29},"end":{"line":152,"column":16}},"58":{"start":{"line":151,"column":10},"end":{"line":151,"column":39}},"59":{"start":{"line":154,"column":26},"end":{"line":154,"column":48}},"60":{"start":{"line":155,"column":23},"end":{"line":155,"column":65}},"61":{"start":{"line":157,"column":8},"end":{"line":186,"column":9}},"62":{"start":{"line":158,"column":31},"end":{"line":158,"column":44}},"63":{"start":{"line":159,"column":19},"end":{"line":159,"column":36}},"64":{"start":{"line":160,"column":26},"end":{"line":160,"column":50}},"65":{"start":{"line":161,"column":25},"end":{"line":161,"column":48}},"66":{"start":{"line":162,"column":22},"end":{"line":162,"column":42}},"67":{"start":{"line":163,"column":27},"end":{"line":173,"column":11}},"68":{"start":{"line":174,"column":10},"end":{"line":179,"column":12}},"69":{"start":{"line":181,"column":10},"end":{"line":185,"column":12}},"70":{"start":{"line":199,"column":18},"end":{"line":199,"column":40}},"71":{"start":{"line":200,"column":21},"end":{"line":200,"column":40}},"72":{"start":{"line":201,"column":22},"end":{"line":203,"column":8}},"73":{"start":{"line":202,"column":8},"end":{"line":202,"column":65}},"74":{"start":{"line":205,"column":6},"end":{"line":250,"column":7}},"75":{"start":{"line":206,"column":30},"end":{"line":208,"column":10}},"76":{"start":{"line":207,"column":10},"end":{"line":207,"column":74}},"77":{"start":{"line":210,"column":8},"end":{"line":243,"column":9}},"78":{"start":{"line":211,"column":32},"end":{"line":211,"column":64}},"79":{"start":{"line":213,"column":10},"end":{"line":219,"column":11}},"80":{"start":{"line":214,"column":12},"end":{"line":218,"column":14}},"81":{"start":{"line":221,"column":10},"end":{"line":236,"column":11}},"82":{"start":{"line":222,"column":12},"end":{"line":222,"column":50}},"83":{"start":{"line":223,"column":12},"end":{"line":227,"column":14}},"84":{"start":{"line":229,"column":12},"end":{"line":229,"column":102}},"85":{"start":{"line":230,"column":12},"end":{"line":235,"column":14}},"86":{"start":{"line":238,"column":10},"end":{"line":242,"column":12}},"87":{"start":{"line":245,"column":8},"end":{"line":249,"column":10}},"88":{"start":{"line":254,"column":2},"end":{"line":254,"column":24}},"89":{"start":{"line":257,"column":0},"end":{"line":257,"column":36}}},"fnMap":{"0":{"name":"_interopRequireDefault","decl":{"start":{"line":14,"column":9},"end":{"line":14,"column":31}},"loc":{"start":{"line":14,"column":37},"end":{"line":18,"column":1}},"line":14},"1":{"name":"_objectSpread","decl":{"start":{"line":20,"column":9},"end":{"line":20,"column":22}},"loc":{"start":{"line":20,"column":31},"end":{"line":37,"column":1}},"line":20},"2":{"name":"(anonymous_2)","decl":{"start":{"line":26,"column":75},"end":{"line":26,"column":76}},"loc":{"start":{"line":26,"column":90},"end":{"line":28,"column":7}},"line":26},"3":{"name":"(anonymous_3)","decl":{"start":{"line":31,"column":20},"end":{"line":31,"column":21}},"loc":{"start":{"line":31,"column":35},"end":{"line":33,"column":5}},"line":31},"4":{"name":"_defineProperty","decl":{"start":{"line":39,"column":9},"end":{"line":39,"column":24}},"loc":{"start":{"line":39,"column":42},"end":{"line":52,"column":1}},"line":39},"5":{"name":"_toConsumableArray","decl":{"start":{"line":54,"column":9},"end":{"line":54,"column":27}},"loc":{"start":{"line":54,"column":33},"end":{"line":56,"column":1}},"line":54},"6":{"name":"_nonIterableSpread","decl":{"start":{"line":58,"column":9},"end":{"line":58,"column":27}},"loc":{"start":{"line":58,"column":30},"end":{"line":60,"column":1}},"line":58},"7":{"name":"_iterableToArray","decl":{"start":{"line":62,"column":9},"end":{"line":62,"column":25}},"loc":{"start":{"line":62,"column":32},"end":{"line":64,"column":1}},"line":62},"8":{"name":"_arrayWithoutHoles","decl":{"start":{"line":66,"column":9},"end":{"line":66,"column":27}},"loc":{"start":{"line":66,"column":33},"end":{"line":74,"column":1}},"line":66},"9":{"name":"_classCallCheck","decl":{"start":{"line":76,"column":9},"end":{"line":76,"column":24}},"loc":{"start":{"line":76,"column":48},"end":{"line":80,"column":1}},"line":76},"10":{"name":"_defineProperties","decl":{"start":{"line":82,"column":9},"end":{"line":82,"column":26}},"loc":{"start":{"line":82,"column":42},"end":{"line":90,"column":1}},"line":82},"11":{"name":"_createClass","decl":{"start":{"line":92,"column":9},"end":{"line":92,"column":21}},"loc":{"start":{"line":92,"column":60},"end":{"line":96,"column":1}},"line":92},"12":{"name":"(anonymous_12)","decl":{"start":{"line":105,"column":0},"end":{"line":105,"column":1}},"loc":{"start":{"line":105,"column":12},"end":{"line":255,"column":1}},"line":105},"13":{"name":"AccountService","decl":{"start":{"line":110,"column":11},"end":{"line":110,"column":25}},"loc":{"start":{"line":110,"column":28},"end":{"line":114,"column":3}},"line":110},"14":{"name":"getAllAccounts","decl":{"start":{"line":124,"column":20},"end":{"line":124,"column":34}},"loc":{"start":{"line":124,"column":37},"end":{"line":126,"column":5}},"line":124},"15":{"name":"addAccount","decl":{"start":{"line":135,"column":20},"end":{"line":135,"column":30}},"loc":{"start":{"line":135,"column":44},"end":{"line":188,"column":5}},"line":135},"16":{"name":"(anonymous_16)","decl":{"start":{"line":138,"column":44},"end":{"line":138,"column":45}},"loc":{"start":{"line":138,"column":63},"end":{"line":140,"column":7}},"line":138},"17":{"name":"(anonymous_17)","decl":{"start":{"line":150,"column":95},"end":{"line":150,"column":96}},"loc":{"start":{"line":150,"column":114},"end":{"line":152,"column":9}},"line":150},"18":{"name":"updateAccountStatus","decl":{"start":{"line":198,"column":20},"end":{"line":198,"column":39}},"loc":{"start":{"line":198,"column":56},"end":{"line":251,"column":5}},"line":198},"19":{"name":"(anonymous_19)","decl":{"start":{"line":201,"column":38},"end":{"line":201,"column":39}},"loc":{"start":{"line":201,"column":57},"end":{"line":203,"column":7}},"line":201},"20":{"name":"(anonymous_20)","decl":{"start":{"line":206,"column":51},"end":{"line":206,"column":52}},"loc":{"start":{"line":206,"column":70},"end":{"line":208,"column":9}},"line":206}},"branchMap":{"0":{"loc":{"start":{"line":15,"column":9},"end":{"line":17,"column":3}},"type":"cond-expr","locations":[{"start":{"line":15,"column":33},"end":{"line":15,"column":36}},{"start":{"line":15,"column":39},"end":{"line":17,"column":3}}],"line":15},"1":{"loc":{"start":{"line":15,"column":9},"end":{"line":15,"column":30}},"type":"binary-expr","locations":[{"start":{"line":15,"column":9},"end":{"line":15,"column":12}},{"start":{"line":15,"column":16},"end":{"line":15,"column":30}}],"line":15},"2":{"loc":{"start":{"line":22,"column":17},"end":{"line":22,"column":57}},"type":"cond-expr","locations":[{"start":{"line":22,"column":40},"end":{"line":22,"column":52}},{"start":{"line":22,"column":55},"end":{"line":22,"column":57}}],"line":22},"3":{"loc":{"start":{"line":25,"column":4},"end":{"line":29,"column":5}},"type":"if","locations":[{"start":{"line":25,"column":4},"end":{"line":29,"column":5}},{"start":{"line":25,"column":4},"end":{"line":29,"column":5}}],"line":25},"4":{"loc":{"start":{"line":40,"column":2},"end":{"line":49,"column":3}},"type":"if","locations":[{"start":{"line":40,"column":2},"end":{"line":49,"column":3}},{"start":{"line":40,"column":2},"end":{"line":49,"column":3}}],"line":40},"5":{"loc":{"start":{"line":55,"column":9},"end":{"line":55,"column":81}},"type":"binary-expr","locations":[{"start":{"line":55,"column":9},"end":{"line":55,"column":32}},{"start":{"line":55,"column":36},"end":{"line":55,"column":57}},{"start":{"line":55,"column":61},"end":{"line":55,"column":81}}],"line":55},"6":{"loc":{"start":{"line":63,"column":2},"end":{"line":63,"column":128}},"type":"if","locations":[{"start":{"line":63,"column":2},"end":{"line":63,"column":128}},{"start":{"line":63,"column":2},"end":{"line":63,"column":128}}],"line":63},"7":{"loc":{"start":{"line":63,"column":6},"end":{"line":63,"column":102}},"type":"binary-expr","locations":[{"start":{"line":63,"column":6},"end":{"line":63,"column":37}},{"start":{"line":63,"column":41},"end":{"line":63,"column":102}}],"line":63},"8":{"loc":{"start":{"line":67,"column":2},"end":{"line":73,"column":3}},"type":"if","locations":[{"start":{"line":67,"column":2},"end":{"line":73,"column":3}},{"start":{"line":67,"column":2},"end":{"line":73,"column":3}}],"line":67},"9":{"loc":{"start":{"line":77,"column":2},"end":{"line":79,"column":3}},"type":"if","locations":[{"start":{"line":77,"column":2},"end":{"line":79,"column":3}},{"start":{"line":77,"column":2},"end":{"line":79,"column":3}}],"line":77},"10":{"loc":{"start":{"line":85,"column":28},"end":{"line":85,"column":58}},"type":"binary-expr","locations":[{"start":{"line":85,"column":28},"end":{"line":85,"column":49}},{"start":{"line":85,"column":53},"end":{"line":85,"column":58}}],"line":85},"11":{"loc":{"start":{"line":87,"column":4},"end":{"line":87,"column":58}},"type":"if","locations":[{"start":{"line":87,"column":4},"end":{"line":87,"column":58}},{"start":{"line":87,"column":4},"end":{"line":87,"column":58}}],"line":87},"12":{"loc":{"start":{"line":93,"column":2},"end":{"line":93,"column":71}},"type":"if","locations":[{"start":{"line":93,"column":2},"end":{"line":93,"column":71}},{"start":{"line":93,"column":2},"end":{"line":93,"column":71}}],"line":93},"13":{"loc":{"start":{"line":94,"column":2},"end":{"line":94,"column":63}},"type":"if","locations":[{"start":{"line":94,"column":2},"end":{"line":94,"column":63}},{"start":{"line":94,"column":2},"end":{"line":94,"column":63}}],"line":94},"14":{"loc":{"start":{"line":143,"column":6},"end":{"line":187,"column":7}},"type":"if","locations":[{"start":{"line":143,"column":6},"end":{"line":187,"column":7}},{"start":{"line":143,"column":6},"end":{"line":187,"column":7}}],"line":143},"15":{"loc":{"start":{"line":157,"column":8},"end":{"line":186,"column":9}},"type":"if","locations":[{"start":{"line":157,"column":8},"end":{"line":186,"column":9}},{"start":{"line":157,"column":8},"end":{"line":186,"column":9}}],"line":157},"16":{"loc":{"start":{"line":202,"column":15},"end":{"line":202,"column":64}},"type":"binary-expr","locations":[{"start":{"line":202,"column":15},"end":{"line":202,"column":36}},{"start":{"line":202,"column":40},"end":{"line":202,"column":64}}],"line":202},"17":{"loc":{"start":{"line":205,"column":6},"end":{"line":250,"column":7}},"type":"if","locations":[{"start":{"line":205,"column":6},"end":{"line":250,"column":7}},{"start":{"line":205,"column":6},"end":{"line":250,"column":7}}],"line":205},"18":{"loc":{"start":{"line":210,"column":8},"end":{"line":243,"column":9}},"type":"if","locations":[{"start":{"line":210,"column":8},"end":{"line":243,"column":9}},{"start":{"line":210,"column":8},"end":{"line":243,"column":9}}],"line":210},"19":{"loc":{"start":{"line":213,"column":10},"end":{"line":219,"column":11}},"type":"if","locations":[{"start":{"line":213,"column":10},"end":{"line":219,"column":11}},{"start":{"line":213,"column":10},"end":{"line":219,"column":11}}],"line":213},"20":{"loc":{"start":{"line":221,"column":10},"end":{"line":236,"column":11}},"type":"if","locations":[{"start":{"line":221,"column":10},"end":{"line":236,"column":11}},{"start":{"line":221,"column":10},"end":{"line":236,"column":11}}],"line":221},"21":{"loc":{"start":{"line":229,"column":40},"end":{"line":229,"column":101}},"type":"cond-expr","locations":[{"start":{"line":229,"column":81},"end":{"line":229,"column":90}},{"start":{"line":229,"column":93},"end":{"line":229,"column":101}}],"line":229}},"s":{"0":1,"1":1,"2":1,"3":1,"4":1,"5":1,"6":3,"7":3,"8":3,"9":3,"10":3,"11":3,"12":0,"13":3,"14":23,"15":3,"16":23,"17":0,"18":23,"19":23,"20":1,"21":0,"22":0,"23":0,"24":1,"25":1,"26":1,"27":1,"28":2,"29":1,"30":6,"31":0,"32":1,"33":1,"34":3,"35":3,"36":3,"37":3,"38":3,"39":3,"40":1,"41":1,"42":1,"43":0,"44":1,"45":1,"46":6,"47":6,"48":1,"49":4,"50":1,"51":1,"52":1,"53":2,"54":1,"55":1,"56":0,"57":1,"58":2,"59":1,"60":1,"61":1,"62":1,"63":1,"64":1,"65":1,"66":1,"67":1,"68":1,"69":0,"70":3,"71":3,"72":3,"73":12,"74":3,"75":3,"76":6,"77":3,"78":3,"79":3,"80":0,"81":3,"82":1,"83":1,"84":2,"85":2,"86":0,"87":0,"88":1,"89":1},"f":{"0":1,"1":3,"2":0,"3":23,"4":23,"5":1,"6":0,"7":0,"8":1,"9":6,"10":1,"11":1,"12":1,"13":6,"14":4,"15":1,"16":2,"17":2,"18":3,"19":12,"20":6},"b":{"0":[1,0],"1":[1,1],"2":[3,0],"3":[3,0],"4":[0,23],"5":[1,0,0],"6":[0,0],"7":[0,0],"8":[1,0],"9":[0,6],"10":[3,3],"11":[3,0],"12":[1,0],"13":[0,1],"14":[0,1],"15":[1,0],"16":[12,3],"17":[3,0],"18":[3,0],"19":[0,3],"20":[1,2],"21":[1,1]},"_coverageSchema":"43e27e138ebf9cfc5966b082cf9a028302ed4184","hash":"dff088bfac046925001def7eec43de0203740d81","contentHash":"8cc18165f6f74fdb22223feccc376b08450b81ce02ed042b50167dc64b8aa510"},"C:\\Users\\Olayinka\\ADC\\banka\\api\\dist\\.data\\accounts.js":{"path":"C:\\Users\\Olayinka\\ADC\\banka\\api\\dist\\.data\\accounts.js","statementMap":{"0":{"start":{"line":3,"column":0},"end":{"line":5,"column":3}},"1":{"start":{"line":6,"column":0},"end":{"line":6,"column":26}},"2":{"start":{"line":7,"column":15},"end":{"line":29,"column":2}},"3":{"start":{"line":30,"column":0},"end":{"line":30,"column":28}}},"fnMap":{},"branchMap":{},"s":{"0":1,"1":1,"2":1,"3":1},"f":{},"b":{},"_coverageSchema":"43e27e138ebf9cfc5966b082cf9a028302ed4184","hash":"8734326c3f03dc261032dc29b54b3bae84b23bcc","contentHash":"70dae91a4a0124b11547c45ab11a7e248e7e3b4a8306afda1702f11dd00691bd"},"C:\\Users\\Olayinka\\ADC\\banka\\api\\dist\\routes\\transactions.route.js":{"path":"C:\\Users\\Olayinka\\ADC\\banka\\api\\dist\\routes\\transactions.route.js","statementMap":{"0":{"start":{"line":3,"column":0},"end":{"line":5,"column":3}},"1":{"start":{"line":6,"column":0},"end":{"line":6,"column":28}},"2":{"start":{"line":8,"column":15},"end":{"line":8,"column":57}},"3":{"start":{"line":10,"column":20},"end":{"line":10,"column":93}},"4":{"start":{"line":13,"column":2},"end":{"line":15,"column":4}},"5":{"start":{"line":18,"column":28},"end":{"line":18,"column":58}},"6":{"start":{"line":20,"column":13},"end":{"line":20,"column":41}},"7":{"start":{"line":22,"column":0},"end":{"line":22,"column":79}},"8":{"start":{"line":23,"column":0},"end":{"line":23,"column":80}},"9":{"start":{"line":24,"column":15},"end":{"line":24,"column":21}},"10":{"start":{"line":25,"column":0},"end":{"line":25,"column":30}}},"fnMap":{"0":{"name":"_interopRequireDefault","decl":{"start":{"line":12,"column":9},"end":{"line":12,"column":31}},"loc":{"start":{"line":12,"column":37},"end":{"line":16,"column":1}},"line":12}},"branchMap":{"0":{"loc":{"start":{"line":13,"column":9},"end":{"line":15,"column":3}},"type":"cond-expr","locations":[{"start":{"line":13,"column":33},"end":{"line":13,"column":36}},{"start":{"line":13,"column":39},"end":{"line":15,"column":3}}],"line":13},"1":{"loc":{"start":{"line":13,"column":9},"end":{"line":13,"column":30}},"type":"binary-expr","locations":[{"start":{"line":13,"column":9},"end":{"line":13,"column":12}},{"start":{"line":13,"column":16},"end":{"line":13,"column":30}}],"line":13}},"s":{"0":1,"1":1,"2":1,"3":1,"4":2,"5":1,"6":1,"7":1,"8":1,"9":1,"10":1},"f":{"0":2},"b":{"0":[1,1],"1":[2,2]},"_coverageSchema":"43e27e138ebf9cfc5966b082cf9a028302ed4184","hash":"e401d6058f6ef8eabaac5c0abe450b563a6c50dd","contentHash":"02edbb3a4c3474ffa8a476198447a34bbb6bb0f57b9f806374f1f83561632f0d"},"C:\\Users\\Olayinka\\ADC\\banka\\api\\dist\\controllers\\transactions.controller.js":{"path":"C:\\Users\\Olayinka\\ADC\\banka\\api\\dist\\controllers\\transactions.controller.js","statementMap":{"0":{"start":{"line":3,"column":0},"end":{"line":5,"column":3}},"1":{"start":{"line":6,"column":0},"end":{"line":6,"column":28}},"2":{"start":{"line":8,"column":20},"end":{"line":8,"column":87}},"3":{"start":{"line":11,"column":2},"end":{"line":13,"column":4}},"4":{"start":{"line":17,"column":2},"end":{"line":30,"column":3}},"5":{"start":{"line":17,"column":15},"end":{"line":17,"column":16}},"6":{"start":{"line":18,"column":17},"end":{"line":18,"column":57}},"7":{"start":{"line":19,"column":18},"end":{"line":19,"column":37}},"8":{"start":{"line":21,"column":4},"end":{"line":25,"column":5}},"9":{"start":{"line":22,"column":6},"end":{"line":24,"column":10}},"10":{"start":{"line":23,"column":8},"end":{"line":23,"column":71}},"11":{"start":{"line":27,"column":4},"end":{"line":29,"column":7}},"12":{"start":{"line":28,"column":6},"end":{"line":28,"column":48}},"13":{"start":{"line":32,"column":2},"end":{"line":32,"column":16}},"14":{"start":{"line":36,"column":2},"end":{"line":45,"column":3}},"15":{"start":{"line":37,"column":4},"end":{"line":42,"column":7}},"16":{"start":{"line":44,"column":4},"end":{"line":44,"column":21}},"17":{"start":{"line":47,"column":2},"end":{"line":47,"column":13}},"18":{"start":{"line":51,"column":2},"end":{"line":53,"column":3}},"19":{"start":{"line":52,"column":4},"end":{"line":52,"column":61}},"20":{"start":{"line":57,"column":2},"end":{"line":63,"column":3}},"21":{"start":{"line":57,"column":15},"end":{"line":57,"column":16}},"22":{"start":{"line":58,"column":21},"end":{"line":58,"column":29}},"23":{"start":{"line":59,"column":4},"end":{"line":59,"column":59}},"24":{"start":{"line":60,"column":4},"end":{"line":60,"column":35}},"25":{"start":{"line":61,"column":4},"end":{"line":61,"column":58}},"26":{"start":{"line":61,"column":31},"end":{"line":61,"column":58}},"27":{"start":{"line":62,"column":4},"end":{"line":62,"column":62}},"28":{"start":{"line":67,"column":2},"end":{"line":67,"column":71}},"29":{"start":{"line":67,"column":18},"end":{"line":67,"column":71}},"30":{"start":{"line":68,"column":2},"end":{"line":68,"column":63}},"31":{"start":{"line":68,"column":19},"end":{"line":68,"column":63}},"32":{"start":{"line":69,"column":2},"end":{"line":69,"column":21}},"33":{"start":{"line":74,"column":0},"end":{"line":104,"column":3}},"34":{"start":{"line":76,"column":4},"end":{"line":76,"column":45}},"35":{"start":{"line":79,"column":2},"end":{"line":101,"column":6}},"36":{"start":{"line":82,"column":28},"end":{"line":82,"column":36}},"37":{"start":{"line":83,"column":26},"end":{"line":83,"column":50}},"38":{"start":{"line":84,"column":24},"end":{"line":84,"column":54}},"39":{"start":{"line":85,"column":27},"end":{"line":87,"column":34}},"40":{"start":{"line":89,"column":6},"end":{"line":94,"column":7}},"41":{"start":{"line":90,"column":8},"end":{"line":93,"column":11}},"42":{"start":{"line":96,"column":6},"end":{"line":99,"column":9}},"43":{"start":{"line":103,"column":2},"end":{"line":103,"column":27}},"44":{"start":{"line":106,"column":0},"end":{"line":106,"column":39}}},"fnMap":{"0":{"name":"_interopRequireDefault","decl":{"start":{"line":10,"column":9},"end":{"line":10,"column":31}},"loc":{"start":{"line":10,"column":37},"end":{"line":14,"column":1}},"line":10},"1":{"name":"_objectSpread","decl":{"start":{"line":16,"column":9},"end":{"line":16,"column":22}},"loc":{"start":{"line":16,"column":31},"end":{"line":33,"column":1}},"line":16},"2":{"name":"(anonymous_2)","decl":{"start":{"line":22,"column":75},"end":{"line":22,"column":76}},"loc":{"start":{"line":22,"column":90},"end":{"line":24,"column":7}},"line":22},"3":{"name":"(anonymous_3)","decl":{"start":{"line":27,"column":20},"end":{"line":27,"column":21}},"loc":{"start":{"line":27,"column":35},"end":{"line":29,"column":5}},"line":27},"4":{"name":"_defineProperty","decl":{"start":{"line":35,"column":9},"end":{"line":35,"column":24}},"loc":{"start":{"line":35,"column":42},"end":{"line":48,"column":1}},"line":35},"5":{"name":"_classCallCheck","decl":{"start":{"line":50,"column":9},"end":{"line":50,"column":24}},"loc":{"start":{"line":50,"column":48},"end":{"line":54,"column":1}},"line":50},"6":{"name":"_defineProperties","decl":{"start":{"line":56,"column":9},"end":{"line":56,"column":26}},"loc":{"start":{"line":56,"column":42},"end":{"line":64,"column":1}},"line":56},"7":{"name":"_createClass","decl":{"start":{"line":66,"column":9},"end":{"line":66,"column":21}},"loc":{"start":{"line":66,"column":60},"end":{"line":70,"column":1}},"line":66},"8":{"name":"(anonymous_8)","decl":{"start":{"line":74,"column":0},"end":{"line":74,"column":1}},"loc":{"start":{"line":74,"column":12},"end":{"line":104,"column":1}},"line":74},"9":{"name":"AccountController","decl":{"start":{"line":75,"column":11},"end":{"line":75,"column":28}},"loc":{"start":{"line":75,"column":31},"end":{"line":77,"column":3}},"line":75},"10":{"name":"performTransaction","decl":{"start":{"line":81,"column":20},"end":{"line":81,"column":38}},"loc":{"start":{"line":81,"column":49},"end":{"line":100,"column":5}},"line":81}},"branchMap":{"0":{"loc":{"start":{"line":11,"column":9},"end":{"line":13,"column":3}},"type":"cond-expr","locations":[{"start":{"line":11,"column":33},"end":{"line":11,"column":36}},{"start":{"line":11,"column":39},"end":{"line":13,"column":3}}],"line":11},"1":{"loc":{"start":{"line":11,"column":9},"end":{"line":11,"column":30}},"type":"binary-expr","locations":[{"start":{"line":11,"column":9},"end":{"line":11,"column":12}},{"start":{"line":11,"column":16},"end":{"line":11,"column":30}}],"line":11},"2":{"loc":{"start":{"line":18,"column":17},"end":{"line":18,"column":57}},"type":"cond-expr","locations":[{"start":{"line":18,"column":40},"end":{"line":18,"column":52}},{"start":{"line":18,"column":55},"end":{"line":18,"column":57}}],"line":18},"3":{"loc":{"start":{"line":21,"column":4},"end":{"line":25,"column":5}},"type":"if","locations":[{"start":{"line":21,"column":4},"end":{"line":25,"column":5}},{"start":{"line":21,"column":4},"end":{"line":25,"column":5}}],"line":21},"4":{"loc":{"start":{"line":36,"column":2},"end":{"line":45,"column":3}},"type":"if","locations":[{"start":{"line":36,"column":2},"end":{"line":45,"column":3}},{"start":{"line":36,"column":2},"end":{"line":45,"column":3}}],"line":36},"5":{"loc":{"start":{"line":51,"column":2},"end":{"line":53,"column":3}},"type":"if","locations":[{"start":{"line":51,"column":2},"end":{"line":53,"column":3}},{"start":{"line":51,"column":2},"end":{"line":53,"column":3}}],"line":51},"6":{"loc":{"start":{"line":59,"column":28},"end":{"line":59,"column":58}},"type":"binary-expr","locations":[{"start":{"line":59,"column":28},"end":{"line":59,"column":49}},{"start":{"line":59,"column":53},"end":{"line":59,"column":58}}],"line":59},"7":{"loc":{"start":{"line":61,"column":4},"end":{"line":61,"column":58}},"type":"if","locations":[{"start":{"line":61,"column":4},"end":{"line":61,"column":58}},{"start":{"line":61,"column":4},"end":{"line":61,"column":58}}],"line":61},"8":{"loc":{"start":{"line":67,"column":2},"end":{"line":67,"column":71}},"type":"if","locations":[{"start":{"line":67,"column":2},"end":{"line":67,"column":71}},{"start":{"line":67,"column":2},"end":{"line":67,"column":71}}],"line":67},"9":{"loc":{"start":{"line":68,"column":2},"end":{"line":68,"column":63}},"type":"if","locations":[{"start":{"line":68,"column":2},"end":{"line":68,"column":63}},{"start":{"line":68,"column":2},"end":{"line":68,"column":63}}],"line":68},"10":{"loc":{"start":{"line":89,"column":6},"end":{"line":94,"column":7}},"type":"if","locations":[{"start":{"line":89,"column":6},"end":{"line":94,"column":7}},{"start":{"line":89,"column":6},"end":{"line":94,"column":7}}],"line":89}},"s":{"0":1,"1":1,"2":1,"3":1,"4":2,"5":2,"6":4,"7":4,"8":4,"9":4,"10":0,"11":4,"12":8,"13":2,"14":8,"15":0,"16":8,"17":8,"18":1,"19":0,"20":1,"21":1,"22":1,"23":1,"24":1,"25":1,"26":1,"27":1,"28":1,"29":1,"30":1,"31":0,"32":1,"33":1,"34":1,"35":1,"36":2,"37":2,"38":2,"39":2,"40":2,"41":2,"42":0,"43":1,"44":1},"f":{"0":1,"1":2,"2":0,"3":8,"4":8,"5":1,"6":1,"7":1,"8":1,"9":1,"10":2},"b":{"0":[1,0],"1":[1,1],"2":[4,0],"3":[4,0],"4":[0,8],"5":[0,1],"6":[1,1],"7":[1,0],"8":[1,0],"9":[0,1],"10":[2,0]},"_coverageSchema":"43e27e138ebf9cfc5966b082cf9a028302ed4184","hash":"1903e1f259115443b736d2ba8a0f9bbca31ca51d","contentHash":"8cb4af0bb357477d8b5d374e9aecc5d7c9669334008457158a03d76cd55caa62"},"C:\\Users\\Olayinka\\ADC\\banka\\api\\dist\\services\\transactions.service.js":{"path":"C:\\Users\\Olayinka\\ADC\\banka\\api\\dist\\services\\transactions.service.js","statementMap":{"0":{"start":{"line":3,"column":0},"end":{"line":5,"column":3}},"1":{"start":{"line":6,"column":0},"end":{"line":6,"column":28}},"2":{"start":{"line":8,"column":20},"end":{"line":8,"column":52}},"3":{"start":{"line":10,"column":15},"end":{"line":10,"column":44}},"4":{"start":{"line":12,"column":12},"end":{"line":12,"column":61}},"5":{"start":{"line":14,"column":16},"end":{"line":14,"column":69}},"6":{"start":{"line":17,"column":2},"end":{"line":19,"column":4}},"7":{"start":{"line":23,"column":2},"end":{"line":25,"column":3}},"8":{"start":{"line":24,"column":4},"end":{"line":24,"column":61}},"9":{"start":{"line":29,"column":2},"end":{"line":35,"column":3}},"10":{"start":{"line":29,"column":15},"end":{"line":29,"column":16}},"11":{"start":{"line":30,"column":21},"end":{"line":30,"column":29}},"12":{"start":{"line":31,"column":4},"end":{"line":31,"column":59}},"13":{"start":{"line":32,"column":4},"end":{"line":32,"column":35}},"14":{"start":{"line":33,"column":4},"end":{"line":33,"column":58}},"15":{"start":{"line":33,"column":31},"end":{"line":33,"column":58}},"16":{"start":{"line":34,"column":4},"end":{"line":34,"column":62}},"17":{"start":{"line":39,"column":2},"end":{"line":39,"column":71}},"18":{"start":{"line":39,"column":18},"end":{"line":39,"column":71}},"19":{"start":{"line":40,"column":2},"end":{"line":40,"column":63}},"20":{"start":{"line":40,"column":19},"end":{"line":40,"column":63}},"21":{"start":{"line":41,"column":2},"end":{"line":41,"column":21}},"22":{"start":{"line":51,"column":0},"end":{"line":168,"column":3}},"23":{"start":{"line":57,"column":4},"end":{"line":57,"column":46}},"24":{"start":{"line":59,"column":4},"end":{"line":59,"column":51}},"25":{"start":{"line":68,"column":2},"end":{"line":165,"column":6}},"26":{"start":{"line":71,"column":6},"end":{"line":71,"column":31}},"27":{"start":{"line":83,"column":18},"end":{"line":83,"column":40}},"28":{"start":{"line":84,"column":21},"end":{"line":84,"column":40}},"29":{"start":{"line":85,"column":25},"end":{"line":87,"column":8}},"30":{"start":{"line":86,"column":8},"end":{"line":86,"column":94}},"31":{"start":{"line":89,"column":6},"end":{"line":163,"column":7}},"32":{"start":{"line":90,"column":29},"end":{"line":90,"column":55}},"33":{"start":{"line":91,"column":22},"end":{"line":93,"column":10}},"34":{"start":{"line":92,"column":10},"end":{"line":92,"column":83}},"35":{"start":{"line":95,"column":8},"end":{"line":156,"column":9}},"36":{"start":{"line":96,"column":31},"end":{"line":96,"column":49}},"37":{"start":{"line":97,"column":34},"end":{"line":97,"column":56}},"38":{"start":{"line":98,"column":26},"end":{"line":98,"column":80}},"39":{"start":{"line":100,"column":10},"end":{"line":149,"column":11}},"40":{"start":{"line":101,"column":12},"end":{"line":105,"column":14}},"41":{"start":{"line":107,"column":32},"end":{"line":107,"column":86}},"42":{"start":{"line":108,"column":36},"end":{"line":108,"column":50}},"43":{"start":{"line":109,"column":36},"end":{"line":109,"column":50}},"44":{"start":{"line":111,"column":12},"end":{"line":121,"column":13}},"45":{"start":{"line":112,"column":14},"end":{"line":112,"column":69}},"46":{"start":{"line":113,"column":19},"end":{"line":121,"column":13}},"47":{"start":{"line":114,"column":14},"end":{"line":114,"column":69}},"48":{"start":{"line":116,"column":14},"end":{"line":120,"column":16}},"49":{"start":{"line":123,"column":39},"end":{"line":133,"column":13}},"50":{"start":{"line":134,"column":12},"end":{"line":134,"column":65}},"51":{"start":{"line":135,"column":31},"end":{"line":142,"column":13}},"52":{"start":{"line":143,"column":12},"end":{"line":148,"column":14}},"53":{"start":{"line":151,"column":10},"end":{"line":155,"column":12}},"54":{"start":{"line":158,"column":8},"end":{"line":162,"column":10}},"55":{"start":{"line":167,"column":2},"end":{"line":167,"column":28}},"56":{"start":{"line":170,"column":0},"end":{"line":170,"column":40}}},"fnMap":{"0":{"name":"_interopRequireDefault","decl":{"start":{"line":16,"column":9},"end":{"line":16,"column":31}},"loc":{"start":{"line":16,"column":37},"end":{"line":20,"column":1}},"line":16},"1":{"name":"_classCallCheck","decl":{"start":{"line":22,"column":9},"end":{"line":22,"column":24}},"loc":{"start":{"line":22,"column":48},"end":{"line":26,"column":1}},"line":22},"2":{"name":"_defineProperties","decl":{"start":{"line":28,"column":9},"end":{"line":28,"column":26}},"loc":{"start":{"line":28,"column":42},"end":{"line":36,"column":1}},"line":28},"3":{"name":"_createClass","decl":{"start":{"line":38,"column":9},"end":{"line":38,"column":21}},"loc":{"start":{"line":38,"column":60},"end":{"line":42,"column":1}},"line":38},"4":{"name":"(anonymous_4)","decl":{"start":{"line":51,"column":0},"end":{"line":51,"column":1}},"loc":{"start":{"line":51,"column":12},"end":{"line":168,"column":1}},"line":51},"5":{"name":"TransactionService","decl":{"start":{"line":56,"column":11},"end":{"line":56,"column":29}},"loc":{"start":{"line":56,"column":32},"end":{"line":60,"column":3}},"line":56},"6":{"name":"getAllTransactions","decl":{"start":{"line":70,"column":20},"end":{"line":70,"column":38}},"loc":{"start":{"line":70,"column":41},"end":{"line":72,"column":5}},"line":70},"7":{"name":"performTransaction","decl":{"start":{"line":82,"column":20},"end":{"line":82,"column":38}},"loc":{"start":{"line":82,"column":64},"end":{"line":164,"column":5}},"line":82},"8":{"name":"(anonymous_8)","decl":{"start":{"line":85,"column":41},"end":{"line":85,"column":42}},"loc":{"start":{"line":85,"column":60},"end":{"line":87,"column":7}},"line":85},"9":{"name":"(anonymous_9)","decl":{"start":{"line":91,"column":61},"end":{"line":91,"column":62}},"loc":{"start":{"line":91,"column":80},"end":{"line":93,"column":9}},"line":91}},"branchMap":{"0":{"loc":{"start":{"line":17,"column":9},"end":{"line":19,"column":3}},"type":"cond-expr","locations":[{"start":{"line":17,"column":33},"end":{"line":17,"column":36}},{"start":{"line":17,"column":39},"end":{"line":19,"column":3}}],"line":17},"1":{"loc":{"start":{"line":17,"column":9},"end":{"line":17,"column":30}},"type":"binary-expr","locations":[{"start":{"line":17,"column":9},"end":{"line":17,"column":12}},{"start":{"line":17,"column":16},"end":{"line":17,"column":30}}],"line":17},"2":{"loc":{"start":{"line":23,"column":2},"end":{"line":25,"column":3}},"type":"if","locations":[{"start":{"line":23,"column":2},"end":{"line":25,"column":3}},{"start":{"line":23,"column":2},"end":{"line":25,"column":3}}],"line":23},"3":{"loc":{"start":{"line":31,"column":28},"end":{"line":31,"column":58}},"type":"binary-expr","locations":[{"start":{"line":31,"column":28},"end":{"line":31,"column":49}},{"start":{"line":31,"column":53},"end":{"line":31,"column":58}}],"line":31},"4":{"loc":{"start":{"line":33,"column":4},"end":{"line":33,"column":58}},"type":"if","locations":[{"start":{"line":33,"column":4},"end":{"line":33,"column":58}},{"start":{"line":33,"column":4},"end":{"line":33,"column":58}}],"line":33},"5":{"loc":{"start":{"line":39,"column":2},"end":{"line":39,"column":71}},"type":"if","locations":[{"start":{"line":39,"column":2},"end":{"line":39,"column":71}},{"start":{"line":39,"column":2},"end":{"line":39,"column":71}}],"line":39},"6":{"loc":{"start":{"line":40,"column":2},"end":{"line":40,"column":63}},"type":"if","locations":[{"start":{"line":40,"column":2},"end":{"line":40,"column":63}},{"start":{"line":40,"column":2},"end":{"line":40,"column":63}}],"line":40},"7":{"loc":{"start":{"line":86,"column":15},"end":{"line":86,"column":93}},"type":"binary-expr","locations":[{"start":{"line":86,"column":15},"end":{"line":86,"column":36}},{"start":{"line":86,"column":40},"end":{"line":86,"column":64}},{"start":{"line":86,"column":68},"end":{"line":86,"column":93}}],"line":86},"8":{"loc":{"start":{"line":89,"column":6},"end":{"line":163,"column":7}},"type":"if","locations":[{"start":{"line":89,"column":6},"end":{"line":163,"column":7}},{"start":{"line":89,"column":6},"end":{"line":163,"column":7}}],"line":89},"9":{"loc":{"start":{"line":95,"column":8},"end":{"line":156,"column":9}},"type":"if","locations":[{"start":{"line":95,"column":8},"end":{"line":156,"column":9}},{"start":{"line":95,"column":8},"end":{"line":156,"column":9}}],"line":95},"10":{"loc":{"start":{"line":98,"column":26},"end":{"line":98,"column":80}},"type":"cond-expr","locations":[{"start":{"line":98,"column":68},"end":{"line":98,"column":72}},{"start":{"line":98,"column":75},"end":{"line":98,"column":80}}],"line":98},"11":{"loc":{"start":{"line":100,"column":10},"end":{"line":149,"column":11}},"type":"if","locations":[{"start":{"line":100,"column":10},"end":{"line":149,"column":11}},{"start":{"line":100,"column":10},"end":{"line":149,"column":11}}],"line":100},"12":{"loc":{"start":{"line":100,"column":14},"end":{"line":100,"column":80}},"type":"binary-expr","locations":[{"start":{"line":100,"column":14},"end":{"line":100,"column":45}},{"start":{"line":100,"column":49},"end":{"line":100,"column":80}}],"line":100},"13":{"loc":{"start":{"line":111,"column":12},"end":{"line":121,"column":13}},"type":"if","locations":[{"start":{"line":111,"column":12},"end":{"line":121,"column":13}},{"start":{"line":111,"column":12},"end":{"line":121,"column":13}}],"line":111},"14":{"loc":{"start":{"line":111,"column":16},"end":{"line":111,"column":75}},"type":"binary-expr","locations":[{"start":{"line":111,"column":16},"end":{"line":111,"column":25}},{"start":{"line":111,"column":29},"end":{"line":111,"column":75}}],"line":111},"15":{"loc":{"start":{"line":113,"column":19},"end":{"line":121,"column":13}},"type":"if","locations":[{"start":{"line":113,"column":19},"end":{"line":121,"column":13}},{"start":{"line":113,"column":19},"end":{"line":121,"column":13}}],"line":113}},"s":{"0":1,"1":1,"2":1,"3":1,"4":1,"5":1,"6":2,"7":2,"8":0,"9":1,"10":1,"11":2,"12":2,"13":2,"14":2,"15":2,"16":2,"17":1,"18":1,"19":1,"20":0,"21":1,"22":1,"23":2,"24":2,"25":1,"26":4,"27":2,"28":2,"29":2,"30":8,"31":2,"32":2,"33":2,"34":4,"35":2,"36":2,"37":2,"38":2,"39":2,"40":0,"41":2,"42":2,"43":2,"44":2,"45":1,"46":1,"47":1,"48":0,"49":2,"50":2,"51":2,"52":2,"53":0,"54":0,"55":1,"56":1},"f":{"0":2,"1":2,"2":1,"3":1,"4":1,"5":2,"6":4,"7":2,"8":8,"9":4},"b":{"0":[2,0],"1":[2,2],"2":[0,2],"3":[2,2],"4":[2,0],"5":[1,0],"6":[0,1],"7":[8,2,2],"8":[2,0],"9":[2,0],"10":[2,0],"11":[0,2],"12":[2,2],"13":[1,1],"14":[2,2],"15":[1,0]},"_coverageSchema":"43e27e138ebf9cfc5966b082cf9a028302ed4184","hash":"9166238e2bb070357a076a3e7ec3df98ce995e08","contentHash":"dda9ef8ca5322265024817b09a50973f5e3585feef26f121401057337b018421"},"C:\\Users\\Olayinka\\ADC\\banka\\api\\dist\\.data\\transactions.js":{"path":"C:\\Users\\Olayinka\\ADC\\banka\\api\\dist\\.data\\transactions.js","statementMap":{"0":{"start":{"line":3,"column":0},"end":{"line":5,"column":3}},"1":{"start":{"line":6,"column":0},"end":{"line":6,"column":30}},"2":{"start":{"line":7,"column":19},"end":{"line":18,"column":2}},"3":{"start":{"line":19,"column":0},"end":{"line":19,"column":36}}},"fnMap":{},"branchMap":{},"s":{"0":1,"1":1,"2":1,"3":1},"f":{},"b":{},"_coverageSchema":"43e27e138ebf9cfc5966b082cf9a028302ed4184","hash":"0f43edb2bf9dbca5fcaa046569bff4a5f9ece836","contentHash":"86aae82acb89508e8a483620355ab1a419796dbb7300f67e2ee58f0ed776e497"},"C:\\Users\\Olayinka\\ADC\\banka\\api\\src\\index.js":{"path":"C:\\Users\\Olayinka\\ADC\\banka\\api\\src\\index.js","statementMap":{"0":{"start":{"line":3,"column":0},"end":{"line":5,"column":3}},"1":{"start":{"line":6,"column":0},"end":{"line":6,"column":21}},"2":{"start":{"line":8,"column":15},"end":{"line":8,"column":57}},"3":{"start":{"line":10,"column":12},"end":{"line":10,"column":66}},"4":{"start":{"line":12,"column":15},"end":{"line":12,"column":72}},"5":{"start":{"line":14,"column":20},"end":{"line":14,"column":82}},"6":{"start":{"line":16,"column":18},"end":{"line":16,"column":64}},"7":{"start":{"line":18,"column":39},"end":{"line":18,"column":95}},"8":{"start":{"line":20,"column":10},"end":{"line":20,"column":36}},"9":{"start":{"line":21,"column":0},"end":{"line":21,"column":18}},"10":{"start":{"line":22,"column":0},"end":{"line":22,"column":39}},"11":{"start":{"line":23,"column":0},"end":{"line":23,"column":42}},"12":{"start":{"line":24,"column":0},"end":{"line":24,"column":41}},"13":{"start":{"line":25,"column":0},"end":{"line":25,"column":58}},"14":{"start":{"line":26,"column":0},"end":{"line":28,"column":3}},"15":{"start":{"line":27,"column":2},"end":{"line":27,"column":22}},"16":{"start":{"line":29,"column":11},"end":{"line":29,"column":15}},"17":{"start":{"line":30,"column":13},"end":{"line":32,"column":2}},"18":{"start":{"line":31,"column":2},"end":{"line":31,"column":54}}},"fnMap":{"0":{"name":"_interopRequireDefault","decl":{"start":{"line":18,"column":9},"end":{"line":18,"column":31}},"loc":{"start":{"line":18,"column":37},"end":{"line":18,"column":97}},"line":18},"1":{"name":"(anonymous_1)","decl":{"start":{"line":26,"column":13},"end":{"line":26,"column":14}},"loc":{"start":{"line":26,"column":33},"end":{"line":28,"column":1}},"line":26},"2":{"name":"(anonymous_2)","decl":{"start":{"line":30,"column":50},"end":{"line":30,"column":51}},"loc":{"start":{"line":30,"column":62},"end":{"line":32,"column":1}},"line":30}},"branchMap":{"0":{"loc":{"start":{"line":18,"column":46},"end":{"line":18,"column":94}},"type":"cond-expr","locations":[{"start":{"line":18,"column":70},"end":{"line":18,"column":73}},{"start":{"line":18,"column":76},"end":{"line
[...]
,"end":{"line":5,"column":3}},"1":{"start":{"line":6,"column":0},"end":{"line":6,"column":28}},"2":{"start":{"line":8,"column":20},"end":{"line":8,"column":87}},"3":{"start":{"line":10,"column":39},"end":{"line":10,"column":95}},"4":{"start":{"line":12,"column":33},"end":{"line":12,"column":464}},"5":{"start":{"line":12,"column":46},"end":{"line":12,"column":47}},"6":{"start":{"line":12,"column":91},"end":{"line":12,"column":131}},"7":{"start":{"line":12,"column":147},"end":{"line":12,"column":166}},"8":{"start":{"line":12,"column":168},"end":{"line":12,"column":382}},"9":{"start":{"line":12,"column":226},"end":{"line":12,"column":380}},"10":{"start":{"line":12,"column":312},"end":{"line":12,"column":375}},"11":{"start":{"line":12,"column":383},"end":{"line":12,"column":462}},"12":{"start":{"line":12,"column":416},"end":{"line":12,"column":458}},"13":{"start":{"line":12,"column":465},"end":{"line":12,"column":479}},"14":{"start":{"line":14,"column":44},"end":{"line":14,"column":195}},"15":{"start":{"line":14,"column":62},"end":{"line":14,"column":166}},"16":{"start":{"line":14,"column":176},"end":{"line":14,"column":193}},"17":{"start":{"line":14,"column":196},"end":{"line":14,"column":207}},"18":{"start":{"line":16,"column":50},"end":{"line":16,"column":151}},"19":{"start":{"line":16,"column":92},"end":{"line":16,"column":149}},"20":{"start":{"line":18,"column":44},"end":{"line":18,"column":315}},"21":{"start":{"line":18,"column":57},"end":{"line":18,"column":58}},"22":{"start":{"line":18,"column":102},"end":{"line":18,"column":110}},"23":{"start":{"line":18,"column":112},"end":{"line":18,"column":167}},"24":{"start":{"line":18,"column":168},"end":{"line":18,"column":199}},"25":{"start":{"line":18,"column":200},"end":{"line":18,"column":254}},"26":{"start":{"line":18,"column":227},"end":{"line":18,"column":254}},"27":{"start":{"line":18,"column":255},"end":{"line":18,"column":313}},"28":{"start":{"line":20,"column":62},"end":{"line":20,"column":131}},"29":{"start":{"line":20,"column":78},"end":{"line":20,"column":131}},"30":{"start":{"line":20,"column":132},"end":{"line":20,"column":193}},"31":{"start":{"line":20,"column":149},"end":{"line":20,"column":193}},"32":{"start":{"line":20,"column":194},"end":{"line":20,"column":213}},"33":{"start":{"line":24,"column":0},"end":{"line":54,"column":3}},"34":{"start":{"line":26,"column":4},"end":{"line":26,"column":45}},"35":{"start":{"line":29,"column":2},"end":{"line":51,"column":6}},"36":{"start":{"line":32,"column":28},"end":{"line":32,"column":36}},"37":{"start":{"line":33,"column":26},"end":{"line":33,"column":50}},"38":{"start":{"line":34,"column":24},"end":{"line":34,"column":54}},"39":{"start":{"line":35,"column":27},"end":{"line":37,"column":34}},"40":{"start":{"line":39,"column":6},"end":{"line":44,"column":7}},"41":{"start":{"line":40,"column":8},"end":{"line":43,"column":11}},"42":{"start":{"line":46,"column":6},"end":{"line":49,"column":9}},"43":{"start":{"line":53,"column":2},"end":{"line":53,"column":27}},"44":{"start":{"line":56,"column":0},"end":{"line":56,"column":39}}},"fnMap":{"0":{"name":"_interopRequireDefault","decl":{"start":{"line":10,"column":9},"end":{"line":10,"column":31}},"loc":{"start":{"line":10,"column":37},"end":{"line":10,"column":97}},"line":10},"1":{"name":"_objectSpread","decl":{"start":{"line":12,"column":9},"end":{"line":12,"column":22}},"loc":{"start":{"line":12,"column":31},"end":{"line":12,"column":481}},"line":12},"2":{"name":"(anonymous_2)","decl":{"start":{"line":12,"column":295},"end":{"line":12,"column":296}},"loc":{"start":{"line":12,"column":310},"end":{"line":12,"column":377}},"line":12},"3":{"name":"(anonymous_3)","decl":{"start":{"line":12,"column":399},"end":{"line":12,"column":400}},"loc":{"start":{"line":12,"column":414},"end":{"line":12,"column":460}},"line":12},"4":{"name":"_defineProperty","decl":{"start":{"line":14,"column":9},"end":{"line":14,"column":24}},"loc":{"start":{"line":14,"column":42},"end":{"line":14,"column":209}},"line":14},"5":{"name":"_classCallCheck","decl":{"start":{"line":16,"column":9},"end":{"line":16,"column":24}},"loc":{"start":{"line":16,"column":48},"end":{"line":16,"column":153}},"line":16},"6":{"name":"_defineProperties","decl":{"start":{"line":18,"column":9},"end":{"line":18,"column":26}},"loc":{"start":{"line":18,"column":42},"end":{"line":18,"column":317}},"line":18},"7":{"name":"_createClass","decl":{"start":{"line":20,"column":9},"end":{"line":20,"column":21}},"loc":{"start":{"line":20,"column":60},"end":{"line":20,"column":215}},"line":20},"8":{"name":"(anonymous_8)","decl":{"start":{"line":24,"column":0},"end":{"line":24,"column":1}},"loc":{"start":{"line":24,"column":12},"end":{"line":54,"column":1}},"line":24},"9":{"name":"AccountController","decl":{"start":{"line":25,"column":11},"end":{"line":25,"column":28}},"loc":{"start":{"line":25,"column":31},"end":{"line":27,"column":3}},"line":25},"10":{"name":"performTransaction","decl":{"start":{"line":31,"column":20},"end":{"line":31,"column":38}},"loc":{"start":{"line":31,"column":49},"end":{"line":50,"column":5}},"line":31}},"branchMap":{"0":{"loc":{"start":{"line":10,"column":46},"end":{"line":10,"column":94}},"type":"cond-expr","locations":[{"start":{"line":10,"column":70},"end":{"line":10,"column":73}},{"start":{"line":10,"column":76},"end":{"line":10,"column":94}}],"line":10},"1":{"loc":{"start":{"line":10,"column":46},"end":{"line":10,"column":67}},"type":"binary-expr","locations":[{"start":{"line":10,"column":46},"end":{"line":10,"column":49}},{"start":{"line":10,"column":53},"end":{"line":10,"column":67}}],"line":10},"2":{"loc":{"start":{"line":12,"column":91},"end":{"line":12,"column":131}},"type":"cond-expr","locations":[{"start":{"line":12,"column":114},"end":{"line":12,"column":126}},{"start":{"line":12,"column":129},"end":{"line":12,"column":131}}],"line":12},"3":{"loc":{"start":{"line":12,"column":168},"end":{"line":12,"column":382}},"type":"if","locations":[{"start":{"line":12,"column":168},"end":{"line":12,"column":382}},{"start":{"line":12,"column":168},"end":{"line":12,"column":382}}],"line":12},"4":{"loc":{"start":{"line":14,"column":44},"end":{"line":14,"column":195}},"type":"if","locations":[{"start":{"line":14,"column":44},"end":{"line":14,"column":195}},{"start":{"line":14,"column":44},"end":{"line":14,"column":195}}],"line":14},"5":{"loc":{"start":{"line":16,"column":50},"end":{"line":16,"column":151}},"type":"if","locations":[{"start":{"line":16,"column":50},"end":{"line":16,"column":151}},{"start":{"line":16,"column":50},"end":{"line":16,"column":151}}],"line":16},"6":{"loc":{"start":{"line":18,"column":136},"end":{"line":18,"column":166}},"type":"binary-expr","locations":[{"start":{"line":18,"column":136},"end":{"line":18,"column":157}},{"start":{"line":18,"column":161},"end":{"line":18,"column":166}}],"line":18},"7":{"loc":{"start":{"line":18,"column":200},"end":{"line":18,"column":254}},"type":"if","locations":[{"start":{"line":18,"column":200},"end":{"line":18,"column":254}},{"start":{"line":18,"column":200},"end":{"line":18,"column":254}}],"line":18},"8":{"loc":{"start":{"line":20,"column":62},"end":{"line":20,"column":131}},"type":"if","locations":[{"start":{"line":20,"column":62},"end":{"line":20,"column":131}},{"start":{"line":20,"column":62},"end":{"line":20,"column":131}}],"line":20},"9":{"loc":{"start":{"line":20,"column":132},"end":{"line":20,"column":193}},"type":"if","locations":[{"start":{"line":20,"column":132},"end":{"line":20,"column":193}},{"start":{"line":20,"column":132},"end":{"line":20,"column":193}}],"line":20},"10":{"loc":{"start":{"line":39,"column":6},"end":{"line":44,"column":7}},"type":"if","locations":[{"start":{"line":39,"column":6},"end":{"line":44,"column":7}},{"start":{"line":39,"column":6},"end":{"line":44,"column":7}}],"line":39}},"s":{"0":1,"1":1,"2":1,"3":1,"4":2,"5":2,"6":4,"7":4,"8":4,"9":4,"10":0,"11":4,"12":8,"13":2,"14":8,"15":0,"16":8,"17":8,"18":1,"19":0,"20":1,"21":1,"22":1,"23":1,"24":1,"25":1,"26":1,"27":1,"28":1,"29":1,"30":1,"31":0,"32":1,"33":1,"34":1,"35":1,"36":2,"37":2,"38":2,"39":2,"40":2,"41":2,"42":0,"43":1,"44":1},"f":{"0":1,"1":2,"2":0,"3":8,"4":8,"5":1,"6":1,"7":1,"8":1,"9":1,"10":2},"b":{"0":[1,0],"1":[1,1],"2":[4,0],"3":[4,0],"4":[0,8],"5":[0,1],"6":[1,1],"7":[1,0],"8":[1,0],"9":[0,1],"10":[2,0]},"_coverageSchema":"43e27e138ebf9cfc5966b082cf9a028302ed4184","hash":"5085ffd76b9db53f9a9bedc5e3bd8bcc011a5e80","contentHash":"4c869428f7c28a61121392263d27e759ddfadc4c2f361a7747b74b3897ca93e3"},"C:\\Users\\Olayinka\\ADC\\banka\\api\\src\\services\\transactions.service.js":{"path":"C:\\Users\\Olayinka\\ADC\\banka\\api\\src\\services\\transactions.service.js","statementMap":{"0":{"start":{"line":3,"column":0},"end":{"line":5,"column":3}},"1":{"start":{"line":6,"column":0},"end":{"line":6,"column":28}},"2":{"start":{"line":8,"column":20},"end":{"line":8,"column":52}},"3":{"start":{"line":10,"column":15},"end":{"line":10,"column":44}},"4":{"start":{"line":12,"column":12},"end":{"line":12,"column":61}},"5":{"start":{"line":14,"column":16},"end":{"line":14,"column":69}},"6":{"start":{"line":16,"column":39},"end":{"line":16,"column":95}},"7":{"start":{"line":18,"column":50},"end":{"line":18,"column":151}},"8":{"start":{"line":18,"column":92},"end":{"line":18,"column":149}},"9":{"start":{"line":20,"column":44},"end":{"line":20,"column":315}},"10":{"start":{"line":20,"column":57},"end":{"line":20,"column":58}},"11":{"start":{"line":20,"column":102},"end":{"line":20,"column":110}},"12":{"start":{"line":20,"column":112},"end":{"line":20,"column":167}},"13":{"start":{"line":20,"column":168},"end":{"line":20,"column":199}},"14":{"start":{"line":20,"column":200},"end":{"line":20,"column":254}},"15":{"start":{"line":20,"column":227},"end":{"line":20,"column":254}},"16":{"start":{"line":20,"column":255},"end":{"line":20,"column":313}},"17":{"start":{"line":22,"column":62},"end":{"line":22,"column":131}},"18":{"start":{"line":22,"column":78},"end":{"line":22,"column":131}},"19":{"start":{"line":22,"column":132},"end":{"line":22,"column":193}},"20":{"start":{"line":22,"column":149},"end":{"line":22,"column":193}},"21":{"start":{"line":22,"column":194},"end":{"line":22,"column":213}},"22":{"start":{"line":30,"column":0},"end":{"line":147,"column":3}},"23":{"start":{"line":36,"column":4},"end":{"line":36,"column":46}},"24":{"start":{"line":38,"column":4},"end":{"line":38,"column":51}},"25":{"start":{"line":47,"column":2},"end":{"line":144,"column":6}},"26":{"start":{"line":50,"column":6},"end":{"line":50,"column":31}},"27":{"start":{"line":62,"column":18},"end":{"line":62,"column":40}},"28":{"start":{"line":63,"column":21},"end":{"line":63,"column":40}},"29":{"start":{"line":64,"column":25},"end":{"line":66,"column":8}},"30":{"start":{"line":65,"column":8},"end":{"line":65,"column":94}},"31":{"start":{"line":68,"column":6},"end":{"line":142,"column":7}},"32":{"start":{"line":69,"column":29},"end":{"line":69,"column":55}},"33":{"start":{"line":70,"column":22},"end":{"line":72,"column":10}},"34":{"start":{"line":71,"column":10},"end":{"line":71,"column":83}},"35":{"start":{"line":74,"column":8},"end":{"line":135,"column":9}},"36":{"start":{"line":75,"column":31},"end":{"line":75,"column":49}},"37":{"start":{"line":76,"column":34},"end":{"line":76,"column":56}},"38":{"start":{"line":77,"column":26},"end":{"line":77,"column":80}},"39":{"start":{"line":79,"column":10},"end":{"line":128,"column":11}},"40":{"start":{"line":80,"column":12},"end":{"line":84,"column":14}},"41":{"start":{"line":86,"column":32},"end":{"line":86,"column":86}},"42":{"start":{"line":87,"column":36},"end":{"line":87,"column":50}},"43":{"start":{"line":88,"column":36},"end":{"line":88,"column":50}},"44":{"start":{"line":90,"column":12},"end":{"line":100,"column":13}},"45":{"start":{"line":91,"column":14},"end":{"line":91,"column":69}},"46":{"start":{"line":92,"column":19},"end":{"line":100,"column":13}},"47":{"start":{"line":93,"column":14},"end":{"line":93,"column":69}},"48":{"start":{"line":95,"column":14},"end":{"line":99,"column":16}},"49":{"start":{"line":102,"column":39},"end":{"line":112,"column":13}},"50":{"start":{"line":113,"column":12},"end":{"line":113,"column":65}},"51":{"start":{"line":114,"column":31},"end":{"line":121,"column":13}},"52":{"start":{"line":122,"column":12},"end":{"line":127,"column":14}},"53":{"start":{"line":130,"column":10},"end":{"line":134,"column":12}},"54":{"start":{"line":137,"column":8},"end":{"line":141,"column":10}},"55":{"start":{"line":146,"column":2},"end":{"line":146,"column":28}},"56":{"start":{"line":149,"column":0},"end":{"line":149,"column":40}}},"fnMap":{"0":{"name":"_interopRequireDefault","decl":{"start":{"line":16,"column":9},"end":{"line":16,"column":31}},"loc":{"start":{"line":16,"column":37},"end":{"line":16,"column":97}},"line":16},"1":{"name":"_classCallCheck","decl":{"start":{"line":18,"column":9},"end":{"line":18,"column":24}},"loc":{"start":{"line":18,"column":48},"end":{"line":18,"column":153}},"line":18},"2":{"name":"_defineProperties","decl":{"start":{"line":20,"column":9},"end":{"line":20,"column":26}},"loc":{"start":{"line":20,"column":42},"end":{"line":20,"column":317}},"line":20},"3":{"name":"_createClass","decl":{"start":{"line":22,"column":9},"end":{"line":22,"column":21}},"loc":{"start":{"line":22,"column":60},"end":{"line":22,"column":215}},"line":22},"4":{"name":"(anonymous_4)","decl":{"start":{"line":30,"column":0},"end":{"line":30,"column":1}},"loc":{"start":{"line":30,"column":12},"end":{"line":147,"column":1}},"line":30},"5":{"name":"TransactionService","decl":{"start":{"line":35,"column":11},"end":{"line":35,"column":29}},"loc":{"start":{"line":35,"column":32},"end":{"line":39,"column":3}},"line":35},"6":{"name":"getAllTransactions","decl":{"start":{"line":49,"column":20},"end":{"line":49,"column":38}},"loc":{"start":{"line":49,"column":41},"end":{"line":51,"column":5}},"line":49},"7":{"name":"performTransaction","decl":{"start":{"line":61,"column":20},"end":{"line":61,"column":38}},"loc":{"start":{"line":61,"column":64},"end":{"line":143,"column":5}},"line":61},"8":{"name":"(anonymous_8)","decl":{"start":{"line":64,"column":41},"end":{"line":64,"column":42}},"loc":{"start":{"line":64,"column":60},"end":{"line":66,"column":7}},"line":64},"9":{"name":"(anonymous_9)","decl":{"start":{"line":70,"column":61},"end":{"line":70,"column":62}},"loc":{"start":{"line":70,"column":80},"end":{"line":72,"column":9}},"line":70}},"branchMap":{"0":{"loc":{"start":{"line":16,"column":46},"end":{"line":16,"column":94}},"type":"cond-expr","locations":[{"start":{"line":16,"column":70},"end":{"line":16,"column":73}},{"start":{"line":16,"column":76},"end":{"line":16,"column":94}}],"line":16},"1":{"loc":{"start":{"line":16,"column":46},"end":{"line":16,"column":67}},"type":"binary-expr","locations":[{"start":{"line":16,"column":46},"end":{"line":16,"column":49}},{"start":{"line":16,"column":53},"end":{"line":16,"column":67}}],"line":16},"2":{"loc":{"start":{"line":18,"column":50},"end":{"line":18,"column":151}},"type":"if","locations":[{"start":{"line":18,"column":50},"end":{"line":18,"column":151}},{"start":{"line":18,"column":50},"end":{"line":18,"column":151}}],"line":18},"3":{"loc":{"start":{"line":20,"column":136},"end":{"line":20,"column":166}},"type":"binary-expr","locations":[{"start":{"line":20,"column":136},"end":{"line":20,"column":157}},{"start":{"line":20,"column":161},"end":{"line":20,"column":166}}],"line":20},"4":{"loc":{"start":{"line":20,"column":200},"end":{"line":20,"column":254}},"type":"if","locations":[{"start":{"line":20,"column":200},"end":{"line":20,"column":254}},{"start":{"line":20,"column":200},"end":{"line":20,"column":254}}],"line":20},"5":{"loc":{"start":{"line":22,"column":62},"end":{"line":22,"column":131}},"type":"if","locations":[{"start":{"line":22,"column":62},"end":{"line":22,"column":131}},{"start":{"line":22,"column":62},"end":{"line":22,"column":131}}],"line":22},"6":{"loc":{"start":{"line":22,"column":132},"end":{"line":22,"column":193}},"type":"if","locations":[{"start":{"line":22,"column":132},"end":{"line":22,"column":193}},{"start":{"line":22,"column":132},"end":{"line":22,"column":193}}],"line":22},"7":{"loc":{"start":{"line":65,"column":15},"end":{"line":65,"column":93}},"type":"binary-expr","locations":[{"start":{"line":65,"column":15},"end":{"line":65,"column":36}},{"start":{"line":65,"column":40},"end":{"line":65,"column":64}},{"start":{"line":65,"column":68},"end":{"line":65,"column":93}}],"line":65},"8":{"loc":{"start":{"line":68,"column":6},"end":{"line":142,"column":7}},"type":"if","locations":[{"start":{"line":68,"column":6},"end":{"line":142,"column":7}},{"start":{"line":68,"column":6},"end":{"line":142,"column":7}}],"line":68},"9":{"loc":{"start":{"line":74,"column":8},"end":{"line":135,"column":9}},"type":"if","locations":[{"start":{"line":74,"column":8},"end":{"line":135,"column":9}},{"start":{"line":74,"column":8},"end":{"line":135,"column":9}}],"line":74},"10":{"loc":{"start":{"line":77,"column":26},"end":{"line":77,"column":80}},"type":"cond-expr","locations":[{"start":{"line":77,"column":68},"end":{"line":77,"column":72}},{"start":{"line":77,"column":75},"end":{"line":77,"column":80}}],"line":77},"11":{"loc":{"start":{"line":79,"column":10},"end":{"line":128,"column":11}},"type":"if","locations":[{"start":{"line":79,"column":10},"end":{"line":128,"column":11}},{"start":{"line":79,"column":10},"end":{"line":128,"column":11}}],"line":79},"12":{"loc":{"start":{"line":79,"column":14},"end":{"line":79,"column":80}},"type":"binary-expr","locations":[{"start":{"line":79,"column":14},"end":{"line":79,"column":45}},{"start":{"line":79,"column":49},"end":{"line":79,"column":80}}],"line":79},"13":{"loc":{"start":{"line":90,"column":12},"end":{"line":100,"column":13}},"type":"if","locations":[{"start":{"line":90,"column":12},"end":{"line":100,"column":13}},{"start":{"line":90,"column":12},"end":{"line":100,"column":13}}],"line":90},"14":{"loc":{"start":{"line":90,"column":16},"end":{"line":90,"column":75}},"type":"binary-expr","locations":[{"start":{"line":90,"column":16},"end":{"line":90,"column":25}},{"start":{"line":90,"column":29},"end":{"line":90,"column":75}}],"line":90},"15":{"loc":{"start":{"line":92,"column":19},"end":{"line":100,"column":13}},"type":"if","locations":[{"start":{"line":92,"column":19},"end":{"line":100,"column":13}},{"start":{"line":92,"column":19},"end":{"line":100,"column":13}}],"line":92}},"s":{"0":1,"1":1,"2":1,"3":1,"4":1,"5":1,"6":2,"7":2,"8":0,"9":1,"10":1,"11":2,"12":2,"13":2,"14":2,"15":2,"16":2,"17":1,"18":1,"19":1,"20":0,"21":1,"22":1,"23":2,"24":2,"25":1,"26":4,"27":2,"28":2,"29":2,"30":8,"31":2,"32":2,"33":2,"34":4,"35":2,"36":2,"37":2,"38":2,"39":2,"40":0,"41":2,"42":2,"43":2,"44":2,"45":1,"46":1,"47":1,"48":0,"49":2,"50":2,"51":2,"52":2,"53":0,"54":0,"55":1,"56":1},"f":{"0":2,"1":2,"2":1,"3":1,"4":1,"5":2,"6":4,"7":2,"8":8,"9":4},"b":{"0":[2,0],"1":[2,2],"2":[0,2],"3":[2,2],"4":[2,0],"5":[1,0],"6":[0,1],"7":[8,2,2],"8":[2,0],"9":[2,0],"10":[2,0],"11":[0,2],"12":[2,2],"13":[1,1],"14":[2,2],"15":[1,0]},"_coverageSchema":"43e27e138ebf9cfc5966b082cf9a028302ed4184","hash":"4d28e4b09fd37788c0873abf6d05d4ad2dd24341","contentHash":"eb5cdb21028f61b97dd611e86c0cd725a59dd58fadbc9c7a102b9e6e442bbc5c"},"C:\\Users\\Olayinka\\ADC\\banka\\api\\src\\.data\\transactions.js":{"path":"C:\\Users\\Olayinka\\ADC\\banka\\api\\src\\.data\\transactions.js","statementMap":{"0":{"start":{"line":3,"column":0},"end":{"line":5,"column":3}},"1":{"start":{"line":6,"column":0},"end":{"line":6,"column":30}},"2":{"start":{"line":7,"column":19},"end":{"line":18,"column":2}},"3":{"start":{"line":19,"column":0},"end":{"line":19,"column":36}}},"fnMap":{},"branchMap":{},"s":{"0":1,"1":1,"2":1,"3":1},"f":{},"b":{},"_coverageSchema":"43e27e138ebf9cfc5966b082cf9a028302ed4184","hash":"85c50e6b9a0b60da974e0d5fb8650ad85d93f78e","contentHash":"29bc27db01ee53452f5eaff80ba7117ecef26f8c925d931d9196abd4330f9915"}}