TN:
SF:C:\Users\Olayinka\adc\banka\api\src/index.js
FN:11,(anonymous_1)
FN:15,(anonymous_2)
FNF:2
FNH:1
FNDA:0,(anonymous_1)
FNDA:1,(anonymous_2)
DA:1,1
DA:2,1
DA:3,1
DA:5,1
DA:7,1
DA:9,1
DA:11,1
DA:12,0
DA:14,1
DA:15,1
DA:16,1
LF:11
LH:10
BRDA:15,0,0,1
BRDA:15,0,1,1
BRF:2
BRH:2
end_of_record
TN:
SF:C:\Users\Olayinka\adc\banka\api\src\.data/users.js
FNF:0
FNH:0
DA:1,1
LF:1
LH:1
BRF:0
BRH:0
end_of_record
TN:
SF:C:\Users\Olayinka\adc\banka\api\src\Helpers/helpers.js
FN:1,recordExists
FN:2,(anonymous_1)
FNF:2
FNH:2
FNDA:1,recordExists
FNDA:3,(anonymous_1)
DA:1,1
DA:2,1
DA:3,3
DA:5,1
LF:4
LH:4
BRDA:5,0,0,0
BRDA:5,0,1,1
BRF:2
BRH:1
end_of_record
TN:
SF:C:\Users\Olayinka\adc\banka\api\src\controllers/users.controller.js
FNF:0
FNH:0
DA:1,1
DA:5,1
DA:6,1
DA:7,1
DA:9,1
DA:10,1
DA:12,0
LF:7
LH:6
BRDA:9,0,0,1
BRDA:9,0,1,0
BRF:2
BRH:1
end_of_record
TN:
SF:C:\Users\Olayinka\adc\banka\api\src\routes/user.route.js
FNF:0
FNH:0
DA:1,1
DA:2,1
DA:4,1
DA:6,1
DA:8,1
DA:10,1
LF:6
LH:6
BRF:0
BRH:0
end_of_record
TN:
SF:C:\Users\Olayinka\adc\banka\api\src\services/user.service.js
FN:6,UserService
FNF:1
FNH:1
FNDA:1,UserService
DA:2,1
DA:3,1
DA:6,1
DA:8,1
DA:16,1
DA:21,1
DA:22,1
DA:23,0
DA:25,1
LF:9
LH:8
BRDA:22,0,0,0
BRDA:22,0,1,1
BRF:2
BRH:1
end_of_record
