TN:
SF:C:\Users\Olayinka\ADC\banka\api\src/index.js
FN:13,(anonymous_1)
FN:17,(anonymous_2)
FNF:2
FNH:1
FNDA:0,(anonymous_1)
FNDA:1,(anonymous_2)
DA:1,1
DA:2,1
DA:3,1
DA:4,1
DA:6,1
DA:8,1
DA:10,1
DA:11,1
DA:13,1
DA:14,0
DA:16,1
DA:17,1
DA:18,1
LF:13
LH:12
BRDA:17,0,0,1
BRDA:17,0,1,1
BRF:2
BRH:2
end_of_record
TN:
SF:C:\Users\Olayinka\ADC\banka\api\src\.data/accounts.js
FNF:0
FNH:0
DA:1,1
LF:1
LH:1
BRF:0
BRH:0
end_of_record
TN:
SF:C:\Users\Olayinka\ADC\banka\api\src\.data/users.js
FNF:0
FNH:0
DA:1,1
LF:1
LH:1
BRF:0
BRH:0
end_of_record
TN:
SF:C:\Users\Olayinka\ADC\banka\api\src\Helpers/helpers.js
FN:8,recordExists
FN:9,(anonymous_5)
FN:20,getLastId
FN:21,(anonymous_7)
FN:32,generateToken
FNF:5
FNH:5
FNDA:3,recordExists
FNDA:7,(anonymous_5)
FNDA:2,getLastId
FNDA:4,(anonymous_7)
FNDA:1,generateToken
DA:8,1
DA:9,3
DA:10,7
DA:12,3
DA:20,1
DA:21,2
DA:22,4
DA:24,2
DA:32,1
DA:33,1
DA:34,1
LF:11
LH:11
BRDA:12,0,0,1
BRDA:12,0,1,2
BRF:2
BRH:2
end_of_record
TN:
SF:C:\Users\Olayinka\ADC\banka\api\src\controllers/account.controller.js
FNF:0
FNH:0
DA:1,1
DA:5,1
DA:6,1
DA:7,1
DA:9,1
DA:10,1
DA:12,0
LF:7
LH:6
BRDA:9,0,0,1
BRDA:9,0,1,0
BRF:2
BRH:1
end_of_record
TN:
SF:C:\Users\Olayinka\ADC\banka\api\src\controllers/users.controller.js
FNF:0
FNH:0
DA:1,1
DA:5,1
DA:6,1
DA:7,1
DA:9,1
DA:10,1
DA:12,0
DA:16,1
DA:17,1
DA:18,1
DA:20,1
DA:21,1
DA:25,0
LF:13
LH:11
BRDA:9,0,0,1
BRDA:9,0,1,0
BRDA:20,1,0,1
BRDA:20,1,1,0
BRF:4
BRH:2
end_of_record
TN:
SF:C:\Users\Olayinka\ADC\banka\api\src\routes/account.route.js
FNF:0
FNH:0
DA:1,1
DA:2,1
DA:4,1
DA:6,1
DA:8,1
DA:11,1
LF:6
LH:6
BRF:0
BRH:0
end_of_record
TN:
SF:C:\Users\Olayinka\ADC\banka\api\src\routes/user.route.js
FNF:0
FNH:0
DA:1,1
DA:2,1
DA:4,1
DA:6,1
DA:8,1
DA:9,1
DA:11,1
LF:7
LH:7
BRF:0
BRH:0
end_of_record
TN:
SF:C:\Users\Olayinka\ADC\banka\api\src\services/accounts.service.js
FN:16,AccountService
FN:38,(anonymous_16)
FN:47,(anonymous_17)
FN:93,(anonymous_19)
FNF:4
FNH:3
FNDA:1,AccountService
FNDA:1,(anonymous_16)
FNDA:1,(anonymous_17)
FNDA:0,(anonymous_19)
DA:1,1
DA:2,1
DA:3,1
DA:4,1
DA:16,1
DA:17,1
DA:18,1
DA:27,2
DA:36,1
DA:37,1
DA:38,1
DA:39,1
DA:41,1
DA:43,1
DA:44,0
DA:47,1
DA:49,1
DA:50,1
DA:51,1
DA:52,1
DA:53,1
DA:65,1
DA:72,0
DA:87,0
DA:88,0
DA:90,0
DA:91,0
DA:93,0
DA:94,0
DA:96,0
DA:97,0
DA:104,0
LF:32
LH:21
BRDA:43,0,0,0
BRDA:43,0,1,1
BRDA:51,1,0,1
BRDA:51,1,1,0
BRDA:90,2,0,0
BRDA:90,2,1,0
BRDA:94,3,0,0
BRDA:94,3,1,0
BRDA:96,4,0,0
BRDA:96,4,1,0
BRF:10
BRH:2
end_of_record
TN:
SF:C:\Users\Olayinka\ADC\banka\api\src\services/user.service.js
FN:15,UserService
FN:63,(anonymous_12)
FN:89,(anonymous_14)
FNF:3
FNH:3
FNDA:3,UserService
FNDA:3,(anonymous_12)
FNDA:3,(anonymous_14)
DA:2,1
DA:3,1
DA:15,3
DA:16,3
DA:25,3
DA:35,1
DA:36,1
DA:37,1
DA:38,1
DA:39,1
DA:40,0
DA:42,1
DA:57,1
DA:58,1
DA:60,1
DA:61,0
DA:63,1
DA:64,3
DA:66,1
DA:67,1
DA:74,0
DA:89,3
DA:91,1
DA:92,0
DA:94,1
LF:25
LH:21
BRDA:39,0,0,0
BRDA:39,0,1,1
BRDA:60,1,0,0
BRDA:60,1,1,1
BRDA:64,2,0,3
BRDA:64,2,1,1
BRDA:66,3,0,1
BRDA:66,3,1,0
BRDA:91,4,0,0
BRDA:91,4,1,1
BRF:10
BRH:6
end_of_record
